<?xml version="1.0" encoding="UTF-8" ?>
<testsuite failures="1" time="0.31" errors="0" skipped="0" tests="4" name="action.handlers.country.RemoveCountryTest">
  <properties>
[...]
</properties>
  <testcase time="0.03" classname="action.handlers.country.RemoveCountryTest" name="nullTest"/>
  <testcase time="0.06" classname="action.handlers.country.RemoveCountryTest" name="forwardTest"/>
  <testcase time="0.16" classname="action.handlers.country.RemoveCountryTest" name="logicTest">
    <failure message="expected:&lt;2&gt; but was:&lt;3&gt;" type="java.lang.AssertionError">java.lang.AssertionError: expected:&lt;2&gt; but was:&lt;3&gt;
	at org.junit.Assert.fail(Assert.java:58)
	at org.junit.Assert.failNotEquals(Assert.java:259)
	at org.junit.Assert.assertEquals(Assert.java:80)
	at org.junit.Assert.assertEquals(Assert.java:88)
	at action.handlers.country.RemoveCountryTest.logicTest(RemoveCountryTest.java:72)
	at sun.reflect.NativeMethodAccessorImpl.invoke0(Native Method)
	at sun.reflect.NativeMethodAccessorImpl.invoke(NativeMethodAccessorImpl.java:57)
	at sun.reflect.DelegatingMethodAccessorImpl.invoke(DelegatingMethodAccessorImpl.java:43)
	at java.lang.reflect.Method.invoke(Method.java:601)
	at org.junit.internal.runners.TestMethodRunner.executeMethodBody(TestMethodRunner.java:99)
	at org.junit.internal.runners.TestMethodRunner.runUnprotected(TestMethodRunner.java:81)
	at org.junit.internal.runners.BeforeAndAfterRunner.runProtected(BeforeAndAfterRunner.java:34)
	at org.junit.internal.runners.TestMethodRunner.runMethod(TestMethodRunner.java:75)
	at org.junit.internal.runners.TestMethodRunner.run(TestMethodRunner.java:45)
	at org.junit.internal.runners.TestClassMethodsRunner.invokeTestMethod(TestClassMethodsRunner.java:71)
	at org.junit.internal.runners.TestClassMethodsRunner.run(TestClassMethodsRunner.java:35)
	at org.junit.internal.runners.TestClassRunner$1.runUnprotected(TestClassRunner.java:42)
	at org.junit.internal.runners.BeforeAndAfterRunner.runProtected(BeforeAndAfterRunner.java:34)
	at org.junit.internal.runners.TestClassRunner.run(TestClassRunner.java:52)
	at org.apache.maven.surefire.junit4.JUnit4Provider.execute(JUnit4Provider.java:252)
	at org.apache.maven.surefire.junit4.JUnit4Provider.executeTestSet(JUnit4Provider.java:141)
	at org.apache.maven.surefire.junit4.JUnit4Provider.invoke(JUnit4Provider.java:112)
	at sun.reflect.NativeMethodAccessorImpl.invoke0(Native Method)
	at sun.reflect.NativeMethodAccessorImpl.invoke(NativeMethodAccessorImpl.java:57)
	at sun.reflect.DelegatingMethodAccessorImpl.invoke(DelegatingMethodAccessorImpl.java:43)
	at java.lang.reflect.Method.invoke(Method.java:601)
	at org.apache.maven.surefire.util.ReflectionUtils.invokeMethodWithArray(ReflectionUtils.java:189)
	at org.apache.maven.surefire.booter.ProviderFactory$ProviderProxy.invoke(ProviderFactory.java:165)
	at org.apache.maven.surefire.booter.ProviderFactory.invokeProvider(ProviderFactory.java:85)
	at org.apache.maven.surefire.booter.ForkedBooter.runSuitesInProcess(ForkedBooter.java:115)
	at org.apache.maven.surefire.booter.ForkedBooter.main(ForkedBooter.java:75)
</failure>
    <system-out>2014-03-21 08:40:09,378 INFO                 action.ActionFactory - Getting ActionFactory
2014-03-21 08:40:09,378 INFO                 action.ActionFactory - Building HttpAction
2014-03-21 08:40:09,378 INFO pport.ClassPathXmlApplicationContext - Refreshing org.springframework.context.support.ClassPathXmlApplicationContext@161df1f: display name [org.springframework.context.support.ClassPathXmlApplicationContext@161df1f]; startup date [Fri Mar 21 08:40:09 EET 2014]; root of context hierarchy
2014-03-21 08:40:09,378 INFO .factory.xml.XmlBeanDefinitionReader - Loading XML bean definitions from class path resource [beans.xml]
2014-03-21 08:40:09,398 INFO pport.ClassPathXmlApplicationContext - Bean factory for application context [org.springframework.context.support.ClassPathXmlApplicationContext@161df1f]: org.springframework.beans.factory.support.DefaultListableBeanFactory@1f8813b
2014-03-21 08:40:09,398 INFO y.support.DefaultListableBeanFactory - Pre-instantiating singletons in org.springframework.beans.factory.support.DefaultListableBeanFactory@1f8813b: defining beans [oracleGateway,addCountry,modifyCountry,removeCountry,showAllCountry,addRegion,modifyRegion,removeRegion,showAllRegionInCountry,addCity,modifyCity,removeCity,showAllCityInRegion,addUniversity,modifyUniversity,removeUniversity,showOneUniversity,showAllUniversityInCity]; root of factory hierarchy
2014-03-21 08:40:09,408 INFO   action.handlers.country.AddCountry - Prepare to add country
2014-03-21 08:40:09,408 INFO   action.handlers.country.AddCountry - Country properties: 
2014-03-21 08:40:09,408 INFO   action.handlers.country.AddCountry - Name: skeleton 
2014-03-21 08:40:09,408 INFO   action.handlers.country.AddCountry - Language: zzz 
2014-03-21 08:40:09,408 INFO   action.handlers.country.AddCountry - Capital: ZZZ 
2014-03-21 08:40:09,408 INFO   action.handlers.country.AddCountry - Population: 100 
2014-03-21 08:40:09,408 INFO   action.handlers.country.AddCountry - Timezone: 1 
2014-03-21 08:40:09,408 INFO               action.GatewayResolver - Getting gateway
10
2014-03-21 08:40:09,408 INFO   action.handlers.country.AddCountry - Country was successfully added
2014-03-21 08:40:09,408 INFO   action.handlers.country.AddCountry - Send forward to showAllCountry page
2014-03-21 08:40:09,408 INFO                 action.ActionFactory - Getting ActionFactory
2014-03-21 08:40:09,408 INFO                 action.ActionFactory - Building HttpAction
2014-03-21 08:40:09,408 INFO pport.ClassPathXmlApplicationContext - Refreshing org.springframework.context.support.ClassPathXmlApplicationContext@2ab65b: display name [org.springframework.context.support.ClassPathXmlApplicationContext@2ab65b]; startup date [Fri Mar 21 08:40:09 EET 2014]; root of context hierarchy
2014-03-21 08:40:09,408 INFO .factory.xml.XmlBeanDefinitionReader - Loading XML bean definitions from class path resource [beans.xml]
2014-03-21 08:40:09,448 INFO pport.ClassPathXmlApplicationContext - Bean factory for application context [org.springframework.context.support.ClassPathXmlApplicationContext@2ab65b]: org.springframework.beans.factory.support.DefaultListableBeanFactory@175b132
2014-03-21 08:40:09,448 INFO y.support.DefaultListableBeanFactory - Pre-instantiating singletons in org.springframework.beans.factory.support.DefaultListableBeanFactory@175b132: defining beans [oracleGateway,addCountry,modifyCountry,removeCountry,showAllCountry,addRegion,modifyRegion,removeRegion,showAllRegionInCountry,addCity,modifyCity,removeCity,showAllCityInRegion,addUniversity,modifyUniversity,removeUniversity,showOneUniversity,showAllUniversityInCity]; root of factory hierarchy
2014-03-21 08:40:09,448 INFO   action.handlers.country.AddCountry - Prepare to add country
2014-03-21 08:40:09,448 INFO   action.handlers.country.AddCountry - Country properties: 
2014-03-21 08:40:09,448 INFO   action.handlers.country.AddCountry - Name: skeleton 
2014-03-21 08:40:09,448 INFO   action.handlers.country.AddCountry - Language: zzz 
2014-03-21 08:40:09,448 INFO   action.handlers.country.AddCountry - Capital: ZZZ 
2014-03-21 08:40:09,448 INFO   action.handlers.country.AddCountry - Population: 100 
2014-03-21 08:40:09,458 INFO   action.handlers.country.AddCountry - Timezone: 1 
2014-03-21 08:40:09,458 INFO               action.GatewayResolver - Getting gateway
11
2014-03-21 08:40:09,458 INFO   action.handlers.country.AddCountry - Country was successfully added
2014-03-21 08:40:09,458 INFO   action.handlers.country.AddCountry - Send forward to showAllCountry page
2014-03-21 08:40:09,458 INFO                 action.ActionFactory - Getting ActionFactory
2014-03-21 08:40:09,458 INFO                 action.ActionFactory - Building HttpAction
2014-03-21 08:40:09,458 INFO pport.ClassPathXmlApplicationContext - Refreshing org.springframework.context.support.ClassPathXmlApplicationContext@fae256: display name [org.springframework.context.support.ClassPathXmlApplicationContext@fae256]; startup date [Fri Mar 21 08:40:09 EET 2014]; root of context hierarchy
2014-03-21 08:40:09,458 INFO .factory.xml.XmlBeanDefinitionReader - Loading XML bean definitions from class path resource [beans.xml]
2014-03-21 08:40:09,488 INFO pport.ClassPathXmlApplicationContext - Bean factory for application context [org.springframework.context.support.ClassPathXmlApplicationContext@fae256]: org.springframework.beans.factory.support.DefaultListableBeanFactory@197ebf6
2014-03-21 08:40:09,488 INFO y.support.DefaultListableBeanFactory - Pre-instantiating singletons in org.springframework.beans.factory.support.DefaultListableBeanFactory@197ebf6: defining beans [oracleGateway,addCountry,modifyCountry,removeCountry,showAllCountry,addRegion,modifyRegion,removeRegion,showAllRegionInCountry,addCity,modifyCity,removeCity,showAllCityInRegion,addUniversity,modifyUniversity,removeUniversity,showOneUniversity,showAllUniversityInCity]; root of factory hierarchy
2014-03-21 08:40:09,488 INFO   action.handlers.country.AddCountry - Prepare to add country
2014-03-21 08:40:09,488 INFO   action.handlers.country.AddCountry - Country properties: 
2014-03-21 08:40:09,488 INFO   action.handlers.country.AddCountry - Name: skeleton 
2014-03-21 08:40:09,488 INFO   action.handlers.country.AddCountry - Language: zzz 
2014-03-21 08:40:09,488 INFO   action.handlers.country.AddCountry - Capital: ZZZ 
2014-03-21 08:40:09,488 INFO   action.handlers.country.AddCountry - Population: 100 
2014-03-21 08:40:09,488 INFO   action.handlers.country.AddCountry - Timezone: 1 
2014-03-21 08:40:09,488 INFO               action.GatewayResolver - Getting gateway
12
2014-03-21 08:40:09,488 INFO   action.handlers.country.AddCountry - Country was successfully added
2014-03-21 08:40:09,488 INFO   action.handlers.country.AddCountry - Send forward to showAllCountry page
2014-03-21 08:40:09,488 INFO                 action.ActionFactory - Getting ActionFactory
2014-03-21 08:40:09,488 INFO                 action.ActionFactory - Building HttpAction
2014-03-21 08:40:09,488 INFO pport.ClassPathXmlApplicationContext - Refreshing org.springframework.context.support.ClassPathXmlApplicationContext@b24098: display name [org.springframework.context.support.ClassPathXmlApplicationContext@b24098]; startup date [Fri Mar 21 08:40:09 EET 2014]; root of context hierarchy
2014-03-21 08:40:09,488 INFO .factory.xml.XmlBeanDefinitionReader - Loading XML bean definitions from class path resource [beans.xml]
2014-03-21 08:40:09,518 INFO pport.ClassPathXmlApplicationContext - Bean factory for application context [org.springframework.context.support.ClassPathXmlApplicationContext@b24098]: org.springframework.beans.factory.support.DefaultListableBeanFactory@bf7baa
2014-03-21 08:40:09,518 INFO y.support.DefaultListableBeanFactory - Pre-instantiating singletons in org.springframework.beans.factory.support.DefaultListableBeanFactory@bf7baa: defining beans [oracleGateway,addCountry,modifyCountry,removeCountry,showAllCountry,addRegion,modifyRegion,removeRegion,showAllRegionInCountry,addCity,modifyCity,removeCity,showAllCityInRegion,addUniversity,modifyUniversity,removeUniversity,showOneUniversity,showAllUniversityInCity]; root of factory hierarchy
2014-03-21 08:40:09,518 INFO ction.handlers.country.RemoveCountry - Prepare to remove country
2014-03-21 08:40:09,518 INFO ction.handlers.country.RemoveCountry - Removing country id: 6 
2014-03-21 08:40:09,518 INFO               action.GatewayResolver - Getting gateway
2014-03-21 08:40:09,518 INFO ction.handlers.country.RemoveCountry - Country was successfully removed
2014-03-21 08:40:09,518 INFO ction.handlers.country.RemoveCountry - Send redirect to country/showAllCountry page
</system-out>
  </testcase>
  <testcase time="0.06" classname="action.handlers.country.RemoveCountryTest" name="actionExceptionTest"/>
</testsuite>