<?xml version="1.0" encoding="UTF-8" ?>
<testsuite failures="1" time="0.35" errors="0" skipped="0" tests="4" name="action.handlers.city.RemoveCityTest">
  <properties>
[...]
</properties>
  <testcase time="0.04" classname="action.handlers.city.RemoveCityTest" name="nullTest"/>
  <testcase time="0.08" classname="action.handlers.city.RemoveCityTest" name="forwardTest"/>
  <testcase time="0.16" classname="action.handlers.city.RemoveCityTest" name="logicTest">
    <failure message="expected:&lt;2&gt; but was:&lt;3&gt;" type="java.lang.AssertionError">java.lang.AssertionError: expected:&lt;2&gt; but was:&lt;3&gt;
	at org.junit.Assert.fail(Assert.java:58)
	at org.junit.Assert.failNotEquals(Assert.java:259)
	at org.junit.Assert.assertEquals(Assert.java:80)
	at org.junit.Assert.assertEquals(Assert.java:88)
	at action.handlers.city.RemoveCityTest.logicTest(RemoveCityTest.java:70)
	at sun.reflect.NativeMethodAccessorImpl.invoke0(Native Method)
	at sun.reflect.NativeMethodAccessorImpl.invoke(NativeMethodAccessorImpl.java:57)
	at sun.reflect.DelegatingMethodAccessorImpl.invoke(DelegatingMethodAccessorImpl.java:43)
	at java.lang.reflect.Method.invoke(Method.java:601)
	at org.junit.internal.runners.TestMethodRunner.executeMethodBody(TestMethodRunner.java:99)
	at org.junit.internal.runners.TestMethodRunner.runUnprotected(TestMethodRunner.java:81)
	at org.junit.internal.runners.BeforeAndAfterRunner.runProtected(BeforeAndAfterRunner.java:34)
	at org.junit.internal.runners.TestMethodRunner.runMethod(TestMethodRunner.java:75)
	at org.junit.internal.runners.TestMethodRunner.run(TestMethodRunner.java:45)
	at org.junit.internal.runners.TestClassMethodsRunner.invokeTestMethod(TestClassMethodsRunner.java:71)
	at org.junit.internal.runners.TestClassMethodsRunner.run(TestClassMethodsRunner.java:35)
	at org.junit.internal.runners.TestClassRunner$1.runUnprotected(TestClassRunner.java:42)
	at org.junit.internal.runners.BeforeAndAfterRunner.runProtected(BeforeAndAfterRunner.java:34)
	at org.junit.internal.runners.TestClassRunner.run(TestClassRunner.java:52)
	at org.apache.maven.surefire.junit4.JUnit4Provider.execute(JUnit4Provider.java:252)
	at org.apache.maven.surefire.junit4.JUnit4Provider.executeTestSet(JUnit4Provider.java:141)
	at org.apache.maven.surefire.junit4.JUnit4Provider.invoke(JUnit4Provider.java:112)
	at sun.reflect.NativeMethodAccessorImpl.invoke0(Native Method)
	at sun.reflect.NativeMethodAccessorImpl.invoke(NativeMethodAccessorImpl.java:57)
	at sun.reflect.DelegatingMethodAccessorImpl.invoke(DelegatingMethodAccessorImpl.java:43)
	at java.lang.reflect.Method.invoke(Method.java:601)
	at org.apache.maven.surefire.util.ReflectionUtils.invokeMethodWithArray(ReflectionUtils.java:189)
	at org.apache.maven.surefire.booter.ProviderFactory$ProviderProxy.invoke(ProviderFactory.java:165)
	at org.apache.maven.surefire.booter.ProviderFactory.invokeProvider(ProviderFactory.java:85)
	at org.apache.maven.surefire.booter.ForkedBooter.runSuitesInProcess(ForkedBooter.java:115)
	at org.apache.maven.surefire.booter.ForkedBooter.main(ForkedBooter.java:75)
</failure>
    <system-out>2014-03-21 08:40:07,986 INFO                 action.ActionFactory - Getting ActionFactory
2014-03-21 08:40:07,986 INFO                 action.ActionFactory - Building HttpAction
2014-03-21 08:40:07,986 INFO pport.ClassPathXmlApplicationContext - Refreshing org.springframework.context.support.ClassPathXmlApplicationContext@b3c884: display name [org.springframework.context.support.ClassPathXmlApplicationContext@b3c884]; startup date [Fri Mar 21 08:40:07 EET 2014]; root of context hierarchy
2014-03-21 08:40:07,996 INFO .factory.xml.XmlBeanDefinitionReader - Loading XML bean definitions from class path resource [beans.xml]
2014-03-21 08:40:08,016 INFO pport.ClassPathXmlApplicationContext - Bean factory for application context [org.springframework.context.support.ClassPathXmlApplicationContext@b3c884]: org.springframework.beans.factory.support.DefaultListableBeanFactory@3f6ca4
2014-03-21 08:40:08,016 INFO y.support.DefaultListableBeanFactory - Pre-instantiating singletons in org.springframework.beans.factory.support.DefaultListableBeanFactory@3f6ca4: defining beans [oracleGateway,addCountry,modifyCountry,removeCountry,showAllCountry,addRegion,modifyRegion,removeRegion,showAllRegionInCountry,addCity,modifyCity,removeCity,showAllCityInRegion,addUniversity,modifyUniversity,removeUniversity,showOneUniversity,showAllUniversityInCity]; root of factory hierarchy
2014-03-21 08:40:08,016 INFO         action.handlers.city.AddCity - Prepare to add city
2014-03-21 08:40:08,016 INFO         action.handlers.city.AddCity - City properties: 
2014-03-21 08:40:08,016 INFO         action.handlers.city.AddCity - Name: skeleton 
2014-03-21 08:40:08,016 INFO         action.handlers.city.AddCity - Population: 1000 
2014-03-21 08:40:08,016 INFO         action.handlers.city.AddCity - Square: 0 
2014-03-21 08:40:08,026 INFO         action.handlers.city.AddCity - ParentID: 3 
2014-03-21 08:40:08,026 INFO               action.GatewayResolver - Getting gateway
2014-03-21 08:40:08,026 INFO         action.handlers.city.AddCity - City was successfully added
2014-03-21 08:40:08,026 INFO         action.handlers.city.AddCity - Send forward to showAllCity page
2014-03-21 08:40:08,026 INFO                 action.ActionFactory - Getting ActionFactory
2014-03-21 08:40:08,026 INFO                 action.ActionFactory - Building HttpAction
2014-03-21 08:40:08,026 INFO pport.ClassPathXmlApplicationContext - Refreshing org.springframework.context.support.ClassPathXmlApplicationContext@22de3d: display name [org.springframework.context.support.ClassPathXmlApplicationContext@22de3d]; startup date [Fri Mar 21 08:40:08 EET 2014]; root of context hierarchy
2014-03-21 08:40:08,026 INFO .factory.xml.XmlBeanDefinitionReader - Loading XML bean definitions from class path resource [beans.xml]
2014-03-21 08:40:08,056 INFO pport.ClassPathXmlApplicationContext - Bean factory for application context [org.springframework.context.support.ClassPathXmlApplicationContext@22de3d]: org.springframework.beans.factory.support.DefaultListableBeanFactory@3f45a8
2014-03-21 08:40:08,056 INFO y.support.DefaultListableBeanFactory - Pre-instantiating singletons in org.springframework.beans.factory.support.DefaultListableBeanFactory@3f45a8: defining beans [oracleGateway,addCountry,modifyCountry,removeCountry,showAllCountry,addRegion,modifyRegion,removeRegion,showAllRegionInCountry,addCity,modifyCity,removeCity,showAllCityInRegion,addUniversity,modifyUniversity,removeUniversity,showOneUniversity,showAllUniversityInCity]; root of factory hierarchy
2014-03-21 08:40:08,066 INFO         action.handlers.city.AddCity - Prepare to add city
2014-03-21 08:40:08,066 INFO         action.handlers.city.AddCity - City properties: 
2014-03-21 08:40:08,066 INFO         action.handlers.city.AddCity - Name: skeleton 
2014-03-21 08:40:08,066 INFO         action.handlers.city.AddCity - Population: 1000 
2014-03-21 08:40:08,066 INFO         action.handlers.city.AddCity - Square: 0 
2014-03-21 08:40:08,066 INFO         action.handlers.city.AddCity - ParentID: 3 
2014-03-21 08:40:08,066 INFO               action.GatewayResolver - Getting gateway
2014-03-21 08:40:08,066 INFO         action.handlers.city.AddCity - City was successfully added
2014-03-21 08:40:08,066 INFO         action.handlers.city.AddCity - Send forward to showAllCity page
2014-03-21 08:40:08,066 INFO                 action.ActionFactory - Getting ActionFactory
2014-03-21 08:40:08,066 INFO                 action.ActionFactory - Building HttpAction
2014-03-21 08:40:08,066 INFO pport.ClassPathXmlApplicationContext - Refreshing org.springframework.context.support.ClassPathXmlApplicationContext@d36d73: display name [org.springframework.context.support.ClassPathXmlApplicationContext@d36d73]; startup date [Fri Mar 21 08:40:08 EET 2014]; root of context hierarchy
2014-03-21 08:40:08,076 INFO .factory.xml.XmlBeanDefinitionReader - Loading XML bean definitions from class path resource [beans.xml]
2014-03-21 08:40:08,096 INFO pport.ClassPathXmlApplicationContext - Bean factory for application context [org.springframework.context.support.ClassPathXmlApplicationContext@d36d73]: org.springframework.beans.factory.support.DefaultListableBeanFactory@5b0676
2014-03-21 08:40:08,096 INFO y.support.DefaultListableBeanFactory - Pre-instantiating singletons in org.springframework.beans.factory.support.DefaultListableBeanFactory@5b0676: defining beans [oracleGateway,addCountry,modifyCountry,removeCountry,showAllCountry,addRegion,modifyRegion,removeRegion,showAllRegionInCountry,addCity,modifyCity,removeCity,showAllCityInRegion,addUniversity,modifyUniversity,removeUniversity,showOneUniversity,showAllUniversityInCity]; root of factory hierarchy
2014-03-21 08:40:08,096 INFO         action.handlers.city.AddCity - Prepare to add city
2014-03-21 08:40:08,096 INFO         action.handlers.city.AddCity - City properties: 
2014-03-21 08:40:08,096 INFO         action.handlers.city.AddCity - Name: skeleton 
2014-03-21 08:40:08,096 INFO         action.handlers.city.AddCity - Population: 1000 
2014-03-21 08:40:08,096 INFO         action.handlers.city.AddCity - Square: 0 
2014-03-21 08:40:08,096 INFO         action.handlers.city.AddCity - ParentID: 3 
2014-03-21 08:40:08,096 INFO               action.GatewayResolver - Getting gateway
2014-03-21 08:40:08,096 INFO         action.handlers.city.AddCity - City was successfully added
2014-03-21 08:40:08,096 INFO         action.handlers.city.AddCity - Send forward to showAllCity page
2014-03-21 08:40:08,106 INFO                 action.ActionFactory - Getting ActionFactory
2014-03-21 08:40:08,106 INFO                 action.ActionFactory - Building HttpAction
2014-03-21 08:40:08,106 INFO pport.ClassPathXmlApplicationContext - Refreshing org.springframework.context.support.ClassPathXmlApplicationContext@1c4fe21: display name [org.springframework.context.support.ClassPathXmlApplicationContext@1c4fe21]; startup date [Fri Mar 21 08:40:08 EET 2014]; root of context hierarchy
2014-03-21 08:40:08,106 INFO .factory.xml.XmlBeanDefinitionReader - Loading XML bean definitions from class path resource [beans.xml]
2014-03-21 08:40:08,126 INFO pport.ClassPathXmlApplicationContext - Bean factory for application context [org.springframework.context.support.ClassPathXmlApplicationContext@1c4fe21]: org.springframework.beans.factory.support.DefaultListableBeanFactory@1c9d0e1
2014-03-21 08:40:08,136 INFO y.support.DefaultListableBeanFactory - Pre-instantiating singletons in org.springframework.beans.factory.support.DefaultListableBeanFactory@1c9d0e1: defining beans [oracleGateway,addCountry,modifyCountry,removeCountry,showAllCountry,addRegion,modifyRegion,removeRegion,showAllRegionInCountry,addCity,modifyCity,removeCity,showAllCityInRegion,addUniversity,modifyUniversity,removeUniversity,showOneUniversity,showAllUniversityInCity]; root of factory hierarchy
2014-03-21 08:40:08,136 INFO      action.handlers.city.RemoveCity - Prepare to remove city
2014-03-21 08:40:08,136 INFO      action.handlers.city.RemoveCity - Removing city id: 6 
2014-03-21 08:40:08,136 INFO      action.handlers.city.RemoveCity - Get parent id: 3 
2014-03-21 08:40:08,136 INFO               action.GatewayResolver - Getting gateway
2014-03-21 08:40:08,136 INFO               action.GatewayResolver - Getting gateway
2014-03-21 08:40:08,136 INFO      action.handlers.city.RemoveCity - City was successfully removed
2014-03-21 08:40:08,136 INFO      action.handlers.city.RemoveCity - Send forward to showAllCity page
</system-out>
  </testcase>
  <testcase time="0.07" classname="action.handlers.city.RemoveCityTest" name="actionExceptionTest"/>
</testsuite>