<?xml version="1.0" encoding="UTF-8" ?>
<testsuite failures="1" time="0.157" errors="0" skipped="0" tests="4" name="action.handlers.region.RemoveRegionTest">
  <properties>
[...]
</properties>
  <testcase time="0.032" classname="action.handlers.region.RemoveRegionTest" name="actionExceptionTest"/>
  <testcase time="0.006" classname="action.handlers.region.RemoveRegionTest" name="nullTest"/>
  <testcase time="0.034" classname="action.handlers.region.RemoveRegionTest" name="forwardTest"/>
  <testcase time="0.085" classname="action.handlers.region.RemoveRegionTest" name="logicTest">
    <failure message="expected:&lt;2&gt; but was:&lt;3&gt;" type="java.lang.AssertionError">java.lang.AssertionError: expected:&lt;2&gt; but was:&lt;3&gt;
	at org.junit.Assert.fail(Assert.java:58)
	at org.junit.Assert.failNotEquals(Assert.java:259)
	at org.junit.Assert.assertEquals(Assert.java:80)
	at org.junit.Assert.assertEquals(Assert.java:88)
	at action.handlers.region.RemoveRegionTest.logicTest(RemoveRegionTest.java:70)
	at sun.reflect.NativeMethodAccessorImpl.invoke0(Native Method)
	at sun.reflect.NativeMethodAccessorImpl.invoke(NativeMethodAccessorImpl.java:57)
	at sun.reflect.DelegatingMethodAccessorImpl.invoke(DelegatingMethodAccessorImpl.java:43)
	at java.lang.reflect.Method.invoke(Method.java:606)
	at org.junit.internal.runners.TestMethodRunner.executeMethodBody(TestMethodRunner.java:99)
	at org.junit.internal.runners.TestMethodRunner.runUnprotected(TestMethodRunner.java:81)
	at org.junit.internal.runners.BeforeAndAfterRunner.runProtected(BeforeAndAfterRunner.java:34)
	at org.junit.internal.runners.TestMethodRunner.runMethod(TestMethodRunner.java:75)
	at org.junit.internal.runners.TestMethodRunner.run(TestMethodRunner.java:45)
	at org.junit.internal.runners.TestClassMethodsRunner.invokeTestMethod(TestClassMethodsRunner.java:71)
	at org.junit.internal.runners.TestClassMethodsRunner.run(TestClassMethodsRunner.java:35)
	at org.junit.internal.runners.TestClassRunner$1.runUnprotected(TestClassRunner.java:42)
	at org.junit.internal.runners.BeforeAndAfterRunner.runProtected(BeforeAndAfterRunner.java:34)
	at org.junit.internal.runners.TestClassRunner.run(TestClassRunner.java:52)
	at org.apache.maven.surefire.junit4.JUnit4Provider.execute(JUnit4Provider.java:252)
	at org.apache.maven.surefire.junit4.JUnit4Provider.executeTestSet(JUnit4Provider.java:141)
	at org.apache.maven.surefire.junit4.JUnit4Provider.invoke(JUnit4Provider.java:112)
	at sun.reflect.NativeMethodAccessorImpl.invoke0(Native Method)
	at sun.reflect.NativeMethodAccessorImpl.invoke(NativeMethodAccessorImpl.java:57)
	at sun.reflect.DelegatingMethodAccessorImpl.invoke(DelegatingMethodAccessorImpl.java:43)
	at java.lang.reflect.Method.invoke(Method.java:606)
	at org.apache.maven.surefire.util.ReflectionUtils.invokeMethodWithArray(ReflectionUtils.java:189)
	at org.apache.maven.surefire.booter.ProviderFactory$ProviderProxy.invoke(ProviderFactory.java:165)
	at org.apache.maven.surefire.booter.ProviderFactory.invokeProvider(ProviderFactory.java:85)
	at org.apache.maven.surefire.booter.ForkedBooter.runSuitesInProcess(ForkedBooter.java:115)
	at org.apache.maven.surefire.booter.ForkedBooter.main(ForkedBooter.java:75)
</failure>
    <system-out>2014-03-28 13:42:23,165 INFO main                action.ActionFactory - Getting ActionFactory
2014-03-28 13:42:23,165 INFO main                action.ActionFactory - Building HttpAction
2014-03-28 13:42:23,165 INFO main                mlApplicationContext - Refreshing org.springframework.context.support.ClassPathXmlApplicationContext@307dea47: display name [org.springframework.context.support.ClassPathXmlApplicationContext@307dea47]; startup date [Fri Mar 28 13:42:23 EET 2014]; root of context hierarchy
2014-03-28 13:42:23,166 INFO main                BeanDefinitionReader - Loading XML bean definitions from class path resource [beans.xml]
2014-03-28 13:42:23,182 INFO main                mlApplicationContext - Bean factory for application context [org.springframework.context.support.ClassPathXmlApplicationContext@307dea47]: org.springframework.beans.factory.support.DefaultListableBeanFactory@96ba55a
2014-03-28 13:42:23,185 INFO main                tListableBeanFactory - Pre-instantiating singletons in org.springframework.beans.factory.support.DefaultListableBeanFactory@96ba55a: defining beans [oracleGateway,addCountry,modifyCountry,removeCountry,showAllCountry,addRegion,modifyRegion,removeRegion,showAllRegionInCountry,addCity,modifyCity,removeCity,showAllCityInRegion,addUniversity,modifyUniversity,removeUniversity,showOneUniversity,showAllUniversityInCity]; root of factory hierarchy
2014-03-28 13:42:23,187 INFO main                ers.region.AddRegion - Prepare to add region
2014-03-28 13:42:23,187 INFO main                ers.region.AddRegion - Region properties: 
2014-03-28 13:42:23,187 INFO main                ers.region.AddRegion - Name: skeleton 
2014-03-28 13:42:23,187 INFO main                ers.region.AddRegion - Population: 1000 
2014-03-28 13:42:23,187 INFO main                ers.region.AddRegion - Square: 0 
2014-03-28 13:42:23,188 INFO main                ers.region.AddRegion - ParentID: 3 
2014-03-28 13:42:23,188 INFO main                tion.GatewayResolver - Getting gateway
2014-03-28 13:42:23,188 INFO main                ers.region.AddRegion - Region was successfully added
2014-03-28 13:42:23,188 INFO main                ers.region.AddRegion - Send redirect to showAllRegion page
2014-03-28 13:42:23,188 INFO main                action.ActionFactory - Getting ActionFactory
2014-03-28 13:42:23,188 INFO main                action.ActionFactory - Building HttpAction
2014-03-28 13:42:23,189 INFO main                mlApplicationContext - Refreshing org.springframework.context.support.ClassPathXmlApplicationContext@1c4646b4: display name [org.springframework.context.support.ClassPathXmlApplicationContext@1c4646b4]; startup date [Fri Mar 28 13:42:23 EET 2014]; root of context hierarchy
2014-03-28 13:42:23,189 INFO main                BeanDefinitionReader - Loading XML bean definitions from class path resource [beans.xml]
2014-03-28 13:42:23,203 INFO main                mlApplicationContext - Bean factory for application context [org.springframework.context.support.ClassPathXmlApplicationContext@1c4646b4]: org.springframework.beans.factory.support.DefaultListableBeanFactory@364a1425
2014-03-28 13:42:23,205 INFO main                tListableBeanFactory - Pre-instantiating singletons in org.springframework.beans.factory.support.DefaultListableBeanFactory@364a1425: defining beans [oracleGateway,addCountry,modifyCountry,removeCountry,showAllCountry,addRegion,modifyRegion,removeRegion,showAllRegionInCountry,addCity,modifyCity,removeCity,showAllCityInRegion,addUniversity,modifyUniversity,removeUniversity,showOneUniversity,showAllUniversityInCity]; root of factory hierarchy
2014-03-28 13:42:23,207 INFO main                ers.region.AddRegion - Prepare to add region
2014-03-28 13:42:23,207 INFO main                ers.region.AddRegion - Region properties: 
2014-03-28 13:42:23,207 INFO main                ers.region.AddRegion - Name: skeleton 
2014-03-28 13:42:23,207 INFO main                ers.region.AddRegion - Population: 1000 
2014-03-28 13:42:23,207 INFO main                ers.region.AddRegion - Square: 0 
2014-03-28 13:42:23,207 INFO main                ers.region.AddRegion - ParentID: 3 
2014-03-28 13:42:23,207 INFO main                tion.GatewayResolver - Getting gateway
2014-03-28 13:42:23,207 INFO main                ers.region.AddRegion - Region was successfully added
2014-03-28 13:42:23,207 INFO main                ers.region.AddRegion - Send redirect to showAllRegion page
2014-03-28 13:42:23,207 INFO main                action.ActionFactory - Getting ActionFactory
2014-03-28 13:42:23,207 INFO main                action.ActionFactory - Building HttpAction
2014-03-28 13:42:23,207 INFO main                mlApplicationContext - Refreshing org.springframework.context.support.ClassPathXmlApplicationContext@125f7833: display name [org.springframework.context.support.ClassPathXmlApplicationContext@125f7833]; startup date [Fri Mar 28 13:42:23 EET 2014]; root of context hierarchy
2014-03-28 13:42:23,208 INFO main                BeanDefinitionReader - Loading XML bean definitions from class path resource [beans.xml]
2014-03-28 13:42:23,223 INFO main                mlApplicationContext - Bean factory for application context [org.springframework.context.support.ClassPathXmlApplicationContext@125f7833]: org.springframework.beans.factory.support.DefaultListableBeanFactory@1a74bd75
2014-03-28 13:42:23,225 INFO main                tListableBeanFactory - Pre-instantiating singletons in org.springframework.beans.factory.support.DefaultListableBeanFactory@1a74bd75: defining beans [oracleGateway,addCountry,modifyCountry,removeCountry,showAllCountry,addRegion,modifyRegion,removeRegion,showAllRegionInCountry,addCity,modifyCity,removeCity,showAllCityInRegion,addUniversity,modifyUniversity,removeUniversity,showOneUniversity,showAllUniversityInCity]; root of factory hierarchy
2014-03-28 13:42:23,227 INFO main                ers.region.AddRegion - Prepare to add region
2014-03-28 13:42:23,227 INFO main                ers.region.AddRegion - Region properties: 
2014-03-28 13:42:23,227 INFO main                ers.region.AddRegion - Name: skeleton 
2014-03-28 13:42:23,227 INFO main                ers.region.AddRegion - Population: 1000 
2014-03-28 13:42:23,227 INFO main                ers.region.AddRegion - Square: 0 
2014-03-28 13:42:23,228 INFO main                ers.region.AddRegion - ParentID: 3 
2014-03-28 13:42:23,228 INFO main                tion.GatewayResolver - Getting gateway
2014-03-28 13:42:23,228 INFO main                ers.region.AddRegion - Region was successfully added
2014-03-28 13:42:23,228 INFO main                ers.region.AddRegion - Send redirect to showAllRegion page
2014-03-28 13:42:23,228 INFO main                action.ActionFactory - Getting ActionFactory
2014-03-28 13:42:23,228 INFO main                action.ActionFactory - Building HttpAction
2014-03-28 13:42:23,228 INFO main                mlApplicationContext - Refreshing org.springframework.context.support.ClassPathXmlApplicationContext@e1bbc2f: display name [org.springframework.context.support.ClassPathXmlApplicationContext@e1bbc2f]; startup date [Fri Mar 28 13:42:23 EET 2014]; root of context hierarchy
2014-03-28 13:42:23,228 INFO main                BeanDefinitionReader - Loading XML bean definitions from class path resource [beans.xml]
2014-03-28 13:42:23,244 INFO main                mlApplicationContext - Bean factory for application context [org.springframework.context.support.ClassPathXmlApplicationContext@e1bbc2f]: org.springframework.beans.factory.support.DefaultListableBeanFactory@93271bd
2014-03-28 13:42:23,246 INFO main                tListableBeanFactory - Pre-instantiating singletons in org.springframework.beans.factory.support.DefaultListableBeanFactory@93271bd: defining beans [oracleGateway,addCountry,modifyCountry,removeCountry,showAllCountry,addRegion,modifyRegion,removeRegion,showAllRegionInCountry,addCity,modifyCity,removeCity,showAllCityInRegion,addUniversity,modifyUniversity,removeUniversity,showOneUniversity,showAllUniversityInCity]; root of factory hierarchy
2014-03-28 13:42:23,248 INFO main                .region.RemoveRegion - Prepare to remove region
2014-03-28 13:42:23,248 INFO main                .region.RemoveRegion - Removing region id: 6 
2014-03-28 13:42:23,248 INFO main                .region.RemoveRegion - Get parent id: 3 
2014-03-28 13:42:23,248 INFO main                tion.GatewayResolver - Getting gateway
2014-03-28 13:42:23,248 INFO main                .region.RemoveRegion - Region was successfully removed
2014-03-28 13:42:23,248 INFO main                .region.RemoveRegion - Send redirect to showAllRegion page
</system-out>
  </testcase>
</testsuite>