<?xml version="1.0" encoding="UTF-8" ?>
<testsuite failures="1" time="0.204" errors="0" skipped="0" tests="4" name="action.handlers.city.ModifyCityTest">
  <properties>
[...]
</properties>
  <testcase time="0.007" classname="action.handlers.city.ModifyCityTest" name="nullTest"/>
  <testcase time="0.025" classname="action.handlers.city.ModifyCityTest" name="forwardTest"/>
  <testcase time="0.104" classname="action.handlers.city.ModifyCityTest" name="logicTest">
    <failure message="expected:&lt;3&gt; but was:&lt;4&gt;" type="java.lang.AssertionError">java.lang.AssertionError: expected:&lt;3&gt; but was:&lt;4&gt;
	at org.junit.Assert.fail(Assert.java:58)
	at org.junit.Assert.failNotEquals(Assert.java:259)
	at org.junit.Assert.assertEquals(Assert.java:80)
	at org.junit.Assert.assertEquals(Assert.java:88)
	at action.handlers.city.ModifyCityTest.logicTest(ModifyCityTest.java:74)
	at sun.reflect.NativeMethodAccessorImpl.invoke0(Native Method)
	at sun.reflect.NativeMethodAccessorImpl.invoke(NativeMethodAccessorImpl.java:57)
	at sun.reflect.DelegatingMethodAccessorImpl.invoke(DelegatingMethodAccessorImpl.java:43)
	at java.lang.reflect.Method.invoke(Method.java:606)
	at org.junit.internal.runners.TestMethodRunner.executeMethodBody(TestMethodRunner.java:99)
	at org.junit.internal.runners.TestMethodRunner.runUnprotected(TestMethodRunner.java:81)
	at org.junit.internal.runners.BeforeAndAfterRunner.runProtected(BeforeAndAfterRunner.java:34)
	at org.junit.internal.runners.TestMethodRunner.runMethod(TestMethodRunner.java:75)
	at org.junit.internal.runners.TestMethodRunner.run(TestMethodRunner.java:45)
	at org.junit.internal.runners.TestClassMethodsRunner.invokeTestMethod(TestClassMethodsRunner.java:71)
	at org.junit.internal.runners.TestClassMethodsRunner.run(TestClassMethodsRunner.java:35)
	at org.junit.internal.runners.TestClassRunner$1.runUnprotected(TestClassRunner.java:42)
	at org.junit.internal.runners.BeforeAndAfterRunner.runProtected(BeforeAndAfterRunner.java:34)
	at org.junit.internal.runners.TestClassRunner.run(TestClassRunner.java:52)
	at org.apache.maven.surefire.junit4.JUnit4Provider.execute(JUnit4Provider.java:252)
	at org.apache.maven.surefire.junit4.JUnit4Provider.executeTestSet(JUnit4Provider.java:141)
	at org.apache.maven.surefire.junit4.JUnit4Provider.invoke(JUnit4Provider.java:112)
	at sun.reflect.NativeMethodAccessorImpl.invoke0(Native Method)
	at sun.reflect.NativeMethodAccessorImpl.invoke(NativeMethodAccessorImpl.java:57)
	at sun.reflect.DelegatingMethodAccessorImpl.invoke(DelegatingMethodAccessorImpl.java:43)
	at java.lang.reflect.Method.invoke(Method.java:606)
	at org.apache.maven.surefire.util.ReflectionUtils.invokeMethodWithArray(ReflectionUtils.java:189)
	at org.apache.maven.surefire.booter.ProviderFactory$ProviderProxy.invoke(ProviderFactory.java:165)
	at org.apache.maven.surefire.booter.ProviderFactory.invokeProvider(ProviderFactory.java:85)
	at org.apache.maven.surefire.booter.ForkedBooter.runSuitesInProcess(ForkedBooter.java:115)
	at org.apache.maven.surefire.booter.ForkedBooter.main(ForkedBooter.java:75)
</failure>
    <system-out>2014-03-28 14:27:23,248 INFO main                action.ActionFactory - Getting ActionFactory
2014-03-28 14:27:23,248 INFO main                action.ActionFactory - Building HttpAction
2014-03-28 14:27:23,248 INFO main                mlApplicationContext - Refreshing org.springframework.context.support.ClassPathXmlApplicationContext@23f4ebfe: display name [org.springframework.context.support.ClassPathXmlApplicationContext@23f4ebfe]; startup date [Fri Mar 28 14:27:23 EET 2014]; root of context hierarchy
2014-03-28 14:27:23,248 INFO main                BeanDefinitionReader - Loading XML bean definitions from class path resource [beans.xml]
2014-03-28 14:27:23,261 INFO main                mlApplicationContext - Bean factory for application context [org.springframework.context.support.ClassPathXmlApplicationContext@23f4ebfe]: org.springframework.beans.factory.support.DefaultListableBeanFactory@67afe37f
2014-03-28 14:27:23,264 INFO main                tListableBeanFactory - Pre-instantiating singletons in org.springframework.beans.factory.support.DefaultListableBeanFactory@67afe37f: defining beans [oracleGateway,addCountry,modifyCountry,removeCountry,showAllCountry,addRegion,modifyRegion,removeRegion,showAllRegionInCountry,addCity,modifyCity,removeCity,showAllCityInRegion,addUniversity,modifyUniversity,removeUniversity,showOneUniversity,showAllUniversityInCity]; root of factory hierarchy
2014-03-28 14:27:23,267 INFO main                andlers.city.AddCity - Prepare to add city
2014-03-28 14:27:23,267 INFO main                andlers.city.AddCity - City properties: 
2014-03-28 14:27:23,267 INFO main                andlers.city.AddCity - Name: skeleton 
2014-03-28 14:27:23,267 INFO main                andlers.city.AddCity - Population: 1000 
2014-03-28 14:27:23,267 INFO main                andlers.city.AddCity - Square: 0 
2014-03-28 14:27:23,267 INFO main                andlers.city.AddCity - ParentID: 3 
2014-03-28 14:27:23,267 INFO main                tion.GatewayResolver - Getting gateway
2014-03-28 14:27:23,267 INFO main                andlers.city.AddCity - City was successfully added
2014-03-28 14:27:23,267 INFO main                andlers.city.AddCity - Send forward to showAllCity page
2014-03-28 14:27:23,267 INFO main                action.ActionFactory - Getting ActionFactory
2014-03-28 14:27:23,267 INFO main                action.ActionFactory - Building HttpAction
2014-03-28 14:27:23,267 INFO main                mlApplicationContext - Refreshing org.springframework.context.support.ClassPathXmlApplicationContext@1fed76ce: display name [org.springframework.context.support.ClassPathXmlApplicationContext@1fed76ce]; startup date [Fri Mar 28 14:27:23 EET 2014]; root of context hierarchy
2014-03-28 14:27:23,268 INFO main                BeanDefinitionReader - Loading XML bean definitions from class path resource [beans.xml]
2014-03-28 14:27:23,285 INFO main                mlApplicationContext - Bean factory for application context [org.springframework.context.support.ClassPathXmlApplicationContext@1fed76ce]: org.springframework.beans.factory.support.DefaultListableBeanFactory@37955233
2014-03-28 14:27:23,288 INFO main                tListableBeanFactory - Pre-instantiating singletons in org.springframework.beans.factory.support.DefaultListableBeanFactory@37955233: defining beans [oracleGateway,addCountry,modifyCountry,removeCountry,showAllCountry,addRegion,modifyRegion,removeRegion,showAllRegionInCountry,addCity,modifyCity,removeCity,showAllCityInRegion,addUniversity,modifyUniversity,removeUniversity,showOneUniversity,showAllUniversityInCity]; root of factory hierarchy
2014-03-28 14:27:23,290 INFO main                andlers.city.AddCity - Prepare to add city
2014-03-28 14:27:23,290 INFO main                andlers.city.AddCity - City properties: 
2014-03-28 14:27:23,290 INFO main                andlers.city.AddCity - Name: skeleton 
2014-03-28 14:27:23,290 INFO main                andlers.city.AddCity - Population: 1000 
2014-03-28 14:27:23,290 INFO main                andlers.city.AddCity - Square: 0 
2014-03-28 14:27:23,290 INFO main                andlers.city.AddCity - ParentID: 3 
2014-03-28 14:27:23,290 INFO main                tion.GatewayResolver - Getting gateway
2014-03-28 14:27:23,290 INFO main                andlers.city.AddCity - City was successfully added
2014-03-28 14:27:23,290 INFO main                andlers.city.AddCity - Send forward to showAllCity page
2014-03-28 14:27:23,291 INFO main                action.ActionFactory - Getting ActionFactory
2014-03-28 14:27:23,291 INFO main                action.ActionFactory - Building HttpAction
2014-03-28 14:27:23,291 INFO main                mlApplicationContext - Refreshing org.springframework.context.support.ClassPathXmlApplicationContext@1623a187: display name [org.springframework.context.support.ClassPathXmlApplicationContext@1623a187]; startup date [Fri Mar 28 14:27:23 EET 2014]; root of context hierarchy
2014-03-28 14:27:23,291 INFO main                BeanDefinitionReader - Loading XML bean definitions from class path resource [beans.xml]
2014-03-28 14:27:23,307 INFO main                mlApplicationContext - Bean factory for application context [org.springframework.context.support.ClassPathXmlApplicationContext@1623a187]: org.springframework.beans.factory.support.DefaultListableBeanFactory@43486eb0
2014-03-28 14:27:23,310 INFO main                tListableBeanFactory - Pre-instantiating singletons in org.springframework.beans.factory.support.DefaultListableBeanFactory@43486eb0: defining beans [oracleGateway,addCountry,modifyCountry,removeCountry,showAllCountry,addRegion,modifyRegion,removeRegion,showAllRegionInCountry,addCity,modifyCity,removeCity,showAllCityInRegion,addUniversity,modifyUniversity,removeUniversity,showOneUniversity,showAllUniversityInCity]; root of factory hierarchy
2014-03-28 14:27:23,313 INFO main                andlers.city.AddCity - Prepare to add city
2014-03-28 14:27:23,313 INFO main                andlers.city.AddCity - City properties: 
2014-03-28 14:27:23,313 INFO main                andlers.city.AddCity - Name: skeleton 
2014-03-28 14:27:23,313 INFO main                andlers.city.AddCity - Population: 1000 
2014-03-28 14:27:23,313 INFO main                andlers.city.AddCity - Square: 0 
2014-03-28 14:27:23,313 INFO main                andlers.city.AddCity - ParentID: 3 
2014-03-28 14:27:23,313 INFO main                tion.GatewayResolver - Getting gateway
2014-03-28 14:27:23,313 INFO main                andlers.city.AddCity - City was successfully added
2014-03-28 14:27:23,313 INFO main                andlers.city.AddCity - Send forward to showAllCity page
2014-03-28 14:27:23,314 INFO main                action.ActionFactory - Getting ActionFactory
2014-03-28 14:27:23,314 INFO main                action.ActionFactory - Building HttpAction
2014-03-28 14:27:23,314 INFO main                mlApplicationContext - Refreshing org.springframework.context.support.ClassPathXmlApplicationContext@503dbd9a: display name [org.springframework.context.support.ClassPathXmlApplicationContext@503dbd9a]; startup date [Fri Mar 28 14:27:23 EET 2014]; root of context hierarchy
2014-03-28 14:27:23,314 INFO main                BeanDefinitionReader - Loading XML bean definitions from class path resource [beans.xml]
2014-03-28 14:27:23,331 INFO main                mlApplicationContext - Bean factory for application context [org.springframework.context.support.ClassPathXmlApplicationContext@503dbd9a]: org.springframework.beans.factory.support.DefaultListableBeanFactory@20b7fdb8
2014-03-28 14:27:23,335 INFO main                tListableBeanFactory - Pre-instantiating singletons in org.springframework.beans.factory.support.DefaultListableBeanFactory@20b7fdb8: defining beans [oracleGateway,addCountry,modifyCountry,removeCountry,showAllCountry,addRegion,modifyRegion,removeRegion,showAllRegionInCountry,addCity,modifyCity,removeCity,showAllCityInRegion,addUniversity,modifyUniversity,removeUniversity,showOneUniversity,showAllUniversityInCity]; root of factory hierarchy
2014-03-28 14:27:23,338 INFO main                lers.city.ModifyCity - Prepare to modify city
2014-03-28 14:27:23,338 INFO main                lers.city.ModifyCity - Get region id: 10 
2014-03-28 14:27:23,338 INFO main                lers.city.ModifyCity - New city properties: 
2014-03-28 14:27:23,338 INFO main                lers.city.ModifyCity - Name: skeleton 
2014-03-28 14:27:23,338 INFO main                lers.city.ModifyCity - Population: 1000 
2014-03-28 14:27:23,338 INFO main                lers.city.ModifyCity - Square: 0 
2014-03-28 14:27:23,338 INFO main                lers.city.ModifyCity - ParentID: 3 
2014-03-28 14:27:23,338 INFO main                tion.GatewayResolver - Getting gateway
2014-03-28 14:27:23,339 INFO main                lers.city.ModifyCity - City was successfully modified
2014-03-28 14:27:23,339 INFO main                lers.city.ModifyCity - Send forward to showAllUniversityInCity page
</system-out>
  </testcase>
  <testcase time="0.068" classname="action.handlers.city.ModifyCityTest" name="actionExceptionTest"/>
</testsuite>