<?xml version="1.0" encoding="UTF-8" ?>
<testsuite failures="0" time="0.142" errors="1" skipped="1" tests="4" name="action.handlers.university.ShowOneUniversityTest">
  <properties>
[...]
</properties>
  <testcase time="0.029" classname="action.handlers.university.ShowOneUniversityTest" name="actionExceptionTest"/>
  <testcase time="0.007" classname="action.handlers.university.ShowOneUniversityTest" name="nullTest"/>
  <testcase time="0.052" classname="action.handlers.university.ShowOneUniversityTest" name="forwardTest">
    <error message="Absent Code attribute in method that is not native or abstract in class file javax/transaction/SystemException" type="java.lang.ClassFormatError">java.lang.ClassFormatError: Absent Code attribute in method that is not native or abstract in class file javax/transaction/SystemException
	at java.lang.ClassLoader.defineClass1(Native Method)
	at java.lang.ClassLoader.defineClass(ClassLoader.java:800)
	at java.security.SecureClassLoader.defineClass(SecureClassLoader.java:142)
	at java.net.URLClassLoader.defineClass(URLClassLoader.java:449)
	at java.net.URLClassLoader.access$100(URLClassLoader.java:71)
	at java.net.URLClassLoader$1.run(URLClassLoader.java:361)
	at java.net.URLClassLoader$1.run(URLClassLoader.java:355)
	at java.security.AccessController.doPrivileged(Native Method)
	at java.net.URLClassLoader.findClass(URLClassLoader.java:354)
	at java.lang.ClassLoader.loadClass(ClassLoader.java:425)
	at sun.misc.Launcher$AppClassLoader.loadClass(Launcher.java:308)
	at java.lang.ClassLoader.loadClass(ClassLoader.java:358)
	at java.lang.Class.forName0(Native Method)
	at java.lang.Class.forName(Class.java:270)
	at org.jboss.logging.Logger.getMessageLogger(Logger.java:2248)
	at org.jboss.logging.Logger.getMessageLogger(Logger.java:2214)
	at org.hibernate.cfg.Configuration.&lt;clinit&gt;(Configuration.java:184)
	at hibernate.util.HibernateUtil.newSessionFactory(HibernateUtil.java:32)
	at hibernate.util.HibernateUtil.getSessionFactory(HibernateUtil.java:22)
	at hibernate.dao.OracleGateway.setSession(OracleGateway.java:97)
	at hibernate.dao.OracleGateway.get(OracleGateway.java:48)
	at action.handlers.university.ShowOneUniversity.perform(ShowOneUniversity.java:39)
	at util.Utils.perform(Utils.java:11)
	at action.handlers.university.ShowOneUniversityTest.forwardTest(ShowOneUniversityTest.java:98)
	at sun.reflect.NativeMethodAccessorImpl.invoke0(Native Method)
	at sun.reflect.NativeMethodAccessorImpl.invoke(NativeMethodAccessorImpl.java:57)
	at sun.reflect.DelegatingMethodAccessorImpl.invoke(DelegatingMethodAccessorImpl.java:43)
	at java.lang.reflect.Method.invoke(Method.java:606)
	at org.junit.internal.runners.TestMethodRunner.executeMethodBody(TestMethodRunner.java:99)
	at org.junit.internal.runners.TestMethodRunner.runUnprotected(TestMethodRunner.java:81)
	at org.junit.internal.runners.BeforeAndAfterRunner.runProtected(BeforeAndAfterRunner.java:34)
	at org.junit.internal.runners.TestMethodRunner.runMethod(TestMethodRunner.java:75)
	at org.junit.internal.runners.TestMethodRunner.run(TestMethodRunner.java:45)
	at org.junit.internal.runners.TestClassMethodsRunner.invokeTestMethod(TestClassMethodsRunner.java:71)
	at org.junit.internal.runners.TestClassMethodsRunner.run(TestClassMethodsRunner.java:35)
	at org.junit.internal.runners.TestClassRunner$1.runUnprotected(TestClassRunner.java:42)
	at org.junit.internal.runners.BeforeAndAfterRunner.runProtected(BeforeAndAfterRunner.java:34)
	at org.junit.internal.runners.TestClassRunner.run(TestClassRunner.java:52)
	at org.apache.maven.surefire.junit4.JUnit4Provider.execute(JUnit4Provider.java:252)
	at org.apache.maven.surefire.junit4.JUnit4Provider.executeTestSet(JUnit4Provider.java:141)
	at org.apache.maven.surefire.junit4.JUnit4Provider.invoke(JUnit4Provider.java:112)
	at sun.reflect.NativeMethodAccessorImpl.invoke0(Native Method)
	at sun.reflect.NativeMethodAccessorImpl.invoke(NativeMethodAccessorImpl.java:57)
	at sun.reflect.DelegatingMethodAccessorImpl.invoke(DelegatingMethodAccessorImpl.java:43)
	at java.lang.reflect.Method.invoke(Method.java:606)
	at org.apache.maven.surefire.util.ReflectionUtils.invokeMethodWithArray(ReflectionUtils.java:189)
	at org.apache.maven.surefire.booter.ProviderFactory$ProviderProxy.invoke(ProviderFactory.java:165)
	at org.apache.maven.surefire.booter.ProviderFactory.invokeProvider(ProviderFactory.java:85)
	at org.apache.maven.surefire.booter.ForkedBooter.runSuitesInProcess(ForkedBooter.java:115)
	at org.apache.maven.surefire.booter.ForkedBooter.main(ForkedBooter.java:75)
</error>
    <system-out>2014-03-28 13:42:23,833 INFO main                action.ActionFactory - Getting ActionFactory
2014-03-28 13:42:23,834 INFO main                action.ActionFactory - Building HttpAction
2014-03-28 13:42:23,834 INFO main                mlApplicationContext - Refreshing org.springframework.context.support.ClassPathXmlApplicationContext@a427a0b: display name [org.springframework.context.support.ClassPathXmlApplicationContext@a427a0b]; startup date [Fri Mar 28 13:42:23 EET 2014]; root of context hierarchy
2014-03-28 13:42:23,837 INFO main                BeanDefinitionReader - Loading XML bean definitions from class path resource [beans.xml]
2014-03-28 13:42:23,853 INFO main                mlApplicationContext - Bean factory for application context [org.springframework.context.support.ClassPathXmlApplicationContext@a427a0b]: org.springframework.beans.factory.support.DefaultListableBeanFactory@357506de
2014-03-28 13:42:23,854 INFO main                tListableBeanFactory - Pre-instantiating singletons in org.springframework.beans.factory.support.DefaultListableBeanFactory@357506de: defining beans [oracleGateway,addCountry,modifyCountry,removeCountry,showAllCountry,addRegion,modifyRegion,removeRegion,showAllRegionInCountry,addCity,modifyCity,removeCity,showAllCityInRegion,addUniversity,modifyUniversity,removeUniversity,showOneUniversity,showAllUniversityInCity]; root of factory hierarchy
2014-03-28 13:42:23,855 INFO main                ersity.AddUniversity - Prepare to add university
2014-03-28 13:42:23,856 INFO main                ersity.AddUniversity - University properties: 
2014-03-28 13:42:23,856 INFO main                ersity.AddUniversity - Name: skeleton 
2014-03-28 13:42:23,856 INFO main                ersity.AddUniversity - DepartamentsCount: 1000 
2014-03-28 13:42:23,856 INFO main                ersity.AddUniversity - WWW: zzz 
2014-03-28 13:42:23,856 INFO main                ersity.AddUniversity - ParentID: 14 
2014-03-28 13:42:23,856 INFO main                tion.GatewayResolver - Getting gateway
14
2014-03-28 13:42:23,856 INFO main                ersity.AddUniversity - University was successfully added
2014-03-28 13:42:23,856 INFO main                ersity.AddUniversity - Send redirect to showAllUniversity page
2014-03-28 13:42:23,856 INFO main                action.ActionFactory - Getting ActionFactory
2014-03-28 13:42:23,856 INFO main                action.ActionFactory - Building HttpAction
2014-03-28 13:42:23,857 INFO main                mlApplicationContext - Refreshing org.springframework.context.support.ClassPathXmlApplicationContext@7b55dc1e: display name [org.springframework.context.support.ClassPathXmlApplicationContext@7b55dc1e]; startup date [Fri Mar 28 13:42:23 EET 2014]; root of context hierarchy
2014-03-28 13:42:23,857 INFO main                BeanDefinitionReader - Loading XML bean definitions from class path resource [beans.xml]
2014-03-28 13:42:23,872 INFO main                mlApplicationContext - Bean factory for application context [org.springframework.context.support.ClassPathXmlApplicationContext@7b55dc1e]: org.springframework.beans.factory.support.DefaultListableBeanFactory@45d144f2
2014-03-28 13:42:23,873 INFO main                tListableBeanFactory - Pre-instantiating singletons in org.springframework.beans.factory.support.DefaultListableBeanFactory@45d144f2: defining beans [oracleGateway,addCountry,modifyCountry,removeCountry,showAllCountry,addRegion,modifyRegion,removeRegion,showAllRegionInCountry,addCity,modifyCity,removeCity,showAllCityInRegion,addUniversity,modifyUniversity,removeUniversity,showOneUniversity,showAllUniversityInCity]; root of factory hierarchy
2014-03-28 13:42:23,875 INFO main                ty.ShowOneUniversity - Prepare to show university
2014-03-28 13:42:23,875 INFO main                tion.GatewayResolver - Getting gateway
2014-03-28 13:42:23,875 INFO main                ty.ShowOneUniversity - University properties: 
2014-03-28 13:42:23,875 INFO main                ty.ShowOneUniversity - Name: skeleton 
2014-03-28 13:42:23,875 INFO main                ty.ShowOneUniversity - DepartamentsCount: 1000 
2014-03-28 13:42:23,875 INFO main                ty.ShowOneUniversity - WWW: zzz 
2014-03-28 13:42:23,875 INFO main                ty.ShowOneUniversity - ParentID: 14 
2014-03-28 13:42:23,875 INFO main                tion.GatewayResolver - Getting gateway
2014-03-28 13:42:23,876 INFO main                mlApplicationContext - Refreshing org.springframework.context.support.ClassPathXmlApplicationContext@6f1bbe75: display name [org.springframework.context.support.ClassPathXmlApplicationContext@6f1bbe75]; startup date [Fri Mar 28 13:42:23 EET 2014]; root of context hierarchy
2014-03-28 13:42:23,876 INFO main                BeanDefinitionReader - Loading XML bean definitions from class path resource [beans.xml]
2014-03-28 13:42:23,891 INFO main                mlApplicationContext - Bean factory for application context [org.springframework.context.support.ClassPathXmlApplicationContext@6f1bbe75]: org.springframework.beans.factory.support.DefaultListableBeanFactory@356525f7
2014-03-28 13:42:23,892 INFO main                tListableBeanFactory - Pre-instantiating singletons in org.springframework.beans.factory.support.DefaultListableBeanFactory@356525f7: defining beans [oracleGateway,addCountry,modifyCountry,removeCountry,showAllCountry,addRegion,modifyRegion,removeRegion,showAllRegionInCountry,addCity,modifyCity,removeCity,showAllCityInRegion,addUniversity,modifyUniversity,removeUniversity,showOneUniversity,showAllUniversityInCity]; root of factory hierarchy
2014-03-28 13:42:23,895 INFO main                te.dao.OracleGateway - Setting session
2014-03-28 13:42:23,897 INFO main                e.util.HibernateUtil - Getting SessionFactory
2014-03-28 13:42:23,897 INFO main                e.util.HibernateUtil - Initializing SessionFactory
2014-03-28 13:42:23,950 INFO main                te.dao.OracleGateway - Closing session
</system-out>
  </testcase>
  <testcase time="0.054" classname="action.handlers.university.ShowOneUniversityTest" name="logicTest">
    <skipped/>
  </testcase>
</testsuite>