<?xml version="1.0" encoding="UTF-8" ?>
<testsuite failures="1" time="0.118" errors="0" skipped="0" tests="4" name="action.handlers.university.ModifyUniversityTest">
  <properties>
[...]
</properties>
  <testcase time="0.024" classname="action.handlers.university.ModifyUniversityTest" name="actionExceptionTest"/>
  <testcase time="0.015" classname="action.handlers.university.ModifyUniversityTest" name="nullTest"/>
  <testcase time="0.024" classname="action.handlers.university.ModifyUniversityTest" name="forwardTest"/>
  <testcase time="0.055" classname="action.handlers.university.ModifyUniversityTest" name="logicTest">
    <failure message="expected:&lt;3&gt; but was:&lt;4&gt;" type="java.lang.AssertionError">java.lang.AssertionError: expected:&lt;3&gt; but was:&lt;4&gt;
	at org.junit.Assert.fail(Assert.java:58)
	at org.junit.Assert.failNotEquals(Assert.java:259)
	at org.junit.Assert.assertEquals(Assert.java:80)
	at org.junit.Assert.assertEquals(Assert.java:88)
	at action.handlers.university.ModifyUniversityTest.logicTest(ModifyUniversityTest.java:73)
	at sun.reflect.NativeMethodAccessorImpl.invoke0(Native Method)
	at sun.reflect.NativeMethodAccessorImpl.invoke(NativeMethodAccessorImpl.java:57)
	at sun.reflect.DelegatingMethodAccessorImpl.invoke(DelegatingMethodAccessorImpl.java:43)
	at java.lang.reflect.Method.invoke(Method.java:606)
	at org.junit.internal.runners.TestMethodRunner.executeMethodBody(TestMethodRunner.java:99)
	at org.junit.internal.runners.TestMethodRunner.runUnprotected(TestMethodRunner.java:81)
	at org.junit.internal.runners.BeforeAndAfterRunner.runProtected(BeforeAndAfterRunner.java:34)
	at org.junit.internal.runners.TestMethodRunner.runMethod(TestMethodRunner.java:75)
	at org.junit.internal.runners.TestMethodRunner.run(TestMethodRunner.java:45)
	at org.junit.internal.runners.TestClassMethodsRunner.invokeTestMethod(TestClassMethodsRunner.java:71)
	at org.junit.internal.runners.TestClassMethodsRunner.run(TestClassMethodsRunner.java:35)
	at org.junit.internal.runners.TestClassRunner$1.runUnprotected(TestClassRunner.java:42)
	at org.junit.internal.runners.BeforeAndAfterRunner.runProtected(BeforeAndAfterRunner.java:34)
	at org.junit.internal.runners.TestClassRunner.run(TestClassRunner.java:52)
	at org.apache.maven.surefire.junit4.JUnit4Provider.execute(JUnit4Provider.java:252)
	at org.apache.maven.surefire.junit4.JUnit4Provider.executeTestSet(JUnit4Provider.java:141)
	at org.apache.maven.surefire.junit4.JUnit4Provider.invoke(JUnit4Provider.java:112)
	at sun.reflect.NativeMethodAccessorImpl.invoke0(Native Method)
	at sun.reflect.NativeMethodAccessorImpl.invoke(NativeMethodAccessorImpl.java:57)
	at sun.reflect.DelegatingMethodAccessorImpl.invoke(DelegatingMethodAccessorImpl.java:43)
	at java.lang.reflect.Method.invoke(Method.java:606)
	at org.apache.maven.surefire.util.ReflectionUtils.invokeMethodWithArray(ReflectionUtils.java:189)
	at org.apache.maven.surefire.booter.ProviderFactory$ProviderProxy.invoke(ProviderFactory.java:165)
	at org.apache.maven.surefire.booter.ProviderFactory.invokeProvider(ProviderFactory.java:85)
	at org.apache.maven.surefire.booter.ForkedBooter.runSuitesInProcess(ForkedBooter.java:115)
	at org.apache.maven.surefire.booter.ForkedBooter.main(ForkedBooter.java:75)
</failure>
    <system-out>2014-03-28 13:42:23,523 INFO main                action.ActionFactory - Getting ActionFactory
2014-03-28 13:42:23,523 INFO main                action.ActionFactory - Building HttpAction
2014-03-28 13:42:23,524 INFO main                mlApplicationContext - Refreshing org.springframework.context.support.ClassPathXmlApplicationContext@d81bb68: display name [org.springframework.context.support.ClassPathXmlApplicationContext@d81bb68]; startup date [Fri Mar 28 13:42:23 EET 2014]; root of context hierarchy
2014-03-28 13:42:23,524 INFO main                BeanDefinitionReader - Loading XML bean definitions from class path resource [beans.xml]
2014-03-28 13:42:23,536 INFO main                mlApplicationContext - Bean factory for application context [org.springframework.context.support.ClassPathXmlApplicationContext@d81bb68]: org.springframework.beans.factory.support.DefaultListableBeanFactory@32210e49
2014-03-28 13:42:23,538 INFO main                tListableBeanFactory - Pre-instantiating singletons in org.springframework.beans.factory.support.DefaultListableBeanFactory@32210e49: defining beans [oracleGateway,addCountry,modifyCountry,removeCountry,showAllCountry,addRegion,modifyRegion,removeRegion,showAllRegionInCountry,addCity,modifyCity,removeCity,showAllCityInRegion,addUniversity,modifyUniversity,removeUniversity,showOneUniversity,showAllUniversityInCity]; root of factory hierarchy
2014-03-28 13:42:23,540 INFO main                ersity.AddUniversity - Prepare to add university
2014-03-28 13:42:23,540 INFO main                ersity.AddUniversity - University properties: 
2014-03-28 13:42:23,540 INFO main                ersity.AddUniversity - Name: skeleton 
2014-03-28 13:42:23,540 INFO main                ersity.AddUniversity - DepartamentsCount: 10 
2014-03-28 13:42:23,540 INFO main                ersity.AddUniversity - WWW: zzz 
2014-03-28 13:42:23,540 INFO main                ersity.AddUniversity - ParentID: 1 
2014-03-28 13:42:23,541 INFO main                tion.GatewayResolver - Getting gateway
5
2014-03-28 13:42:23,541 INFO main                ersity.AddUniversity - University was successfully added
2014-03-28 13:42:23,541 INFO main                ersity.AddUniversity - Send redirect to showAllUniversity page
2014-03-28 13:42:23,541 INFO main                action.ActionFactory - Getting ActionFactory
2014-03-28 13:42:23,541 INFO main                action.ActionFactory - Building HttpAction
2014-03-28 13:42:23,541 INFO main                mlApplicationContext - Refreshing org.springframework.context.support.ClassPathXmlApplicationContext@35f904db: display name [org.springframework.context.support.ClassPathXmlApplicationContext@35f904db]; startup date [Fri Mar 28 13:42:23 EET 2014]; root of context hierarchy
2014-03-28 13:42:23,542 INFO main                BeanDefinitionReader - Loading XML bean definitions from class path resource [beans.xml]
2014-03-28 13:42:23,553 INFO main                mlApplicationContext - Bean factory for application context [org.springframework.context.support.ClassPathXmlApplicationContext@35f904db]: org.springframework.beans.factory.support.DefaultListableBeanFactory@24ee8489
2014-03-28 13:42:23,554 INFO main                tListableBeanFactory - Pre-instantiating singletons in org.springframework.beans.factory.support.DefaultListableBeanFactory@24ee8489: defining beans [oracleGateway,addCountry,modifyCountry,removeCountry,showAllCountry,addRegion,modifyRegion,removeRegion,showAllRegionInCountry,addCity,modifyCity,removeCity,showAllCityInRegion,addUniversity,modifyUniversity,removeUniversity,showOneUniversity,showAllUniversityInCity]; root of factory hierarchy
2014-03-28 13:42:23,555 INFO main                ersity.AddUniversity - Prepare to add university
2014-03-28 13:42:23,555 INFO main                ersity.AddUniversity - University properties: 
2014-03-28 13:42:23,555 INFO main                ersity.AddUniversity - Name: skeleton 
2014-03-28 13:42:23,555 INFO main                ersity.AddUniversity - DepartamentsCount: 10 
2014-03-28 13:42:23,555 INFO main                ersity.AddUniversity - WWW: zzz 
2014-03-28 13:42:23,555 INFO main                ersity.AddUniversity - ParentID: 1 
2014-03-28 13:42:23,555 INFO main                tion.GatewayResolver - Getting gateway
6
2014-03-28 13:42:23,556 INFO main                ersity.AddUniversity - University was successfully added
2014-03-28 13:42:23,556 INFO main                ersity.AddUniversity - Send redirect to showAllUniversity page
2014-03-28 13:42:23,556 INFO main                action.ActionFactory - Getting ActionFactory
2014-03-28 13:42:23,556 INFO main                action.ActionFactory - Building HttpAction
2014-03-28 13:42:23,556 INFO main                mlApplicationContext - Refreshing org.springframework.context.support.ClassPathXmlApplicationContext@2df36f51: display name [org.springframework.context.support.ClassPathXmlApplicationContext@2df36f51]; startup date [Fri Mar 28 13:42:23 EET 2014]; root of context hierarchy
2014-03-28 13:42:23,556 INFO main                BeanDefinitionReader - Loading XML bean definitions from class path resource [beans.xml]
2014-03-28 13:42:23,565 INFO main                mlApplicationContext - Bean factory for application context [org.springframework.context.support.ClassPathXmlApplicationContext@2df36f51]: org.springframework.beans.factory.support.DefaultListableBeanFactory@5f909402
2014-03-28 13:42:23,566 INFO main                tListableBeanFactory - Pre-instantiating singletons in org.springframework.beans.factory.support.DefaultListableBeanFactory@5f909402: defining beans [oracleGateway,addCountry,modifyCountry,removeCountry,showAllCountry,addRegion,modifyRegion,removeRegion,showAllRegionInCountry,addCity,modifyCity,removeCity,showAllCityInRegion,addUniversity,modifyUniversity,removeUniversity,showOneUniversity,showAllUniversityInCity]; root of factory hierarchy
2014-03-28 13:42:23,567 INFO main                ersity.AddUniversity - Prepare to add university
2014-03-28 13:42:23,567 INFO main                ersity.AddUniversity - University properties: 
2014-03-28 13:42:23,567 INFO main                ersity.AddUniversity - Name: skeleton 
2014-03-28 13:42:23,567 INFO main                ersity.AddUniversity - DepartamentsCount: 10 
2014-03-28 13:42:23,568 INFO main                ersity.AddUniversity - WWW: zzz 
2014-03-28 13:42:23,568 INFO main                ersity.AddUniversity - ParentID: 1 
2014-03-28 13:42:23,568 INFO main                tion.GatewayResolver - Getting gateway
7
2014-03-28 13:42:23,568 INFO main                ersity.AddUniversity - University was successfully added
2014-03-28 13:42:23,568 INFO main                ersity.AddUniversity - Send redirect to showAllUniversity page
2014-03-28 13:42:23,568 INFO main                action.ActionFactory - Getting ActionFactory
2014-03-28 13:42:23,569 INFO main                action.ActionFactory - Building HttpAction
2014-03-28 13:42:23,569 INFO main                mlApplicationContext - Refreshing org.springframework.context.support.ClassPathXmlApplicationContext@1ee1ce1b: display name [org.springframework.context.support.ClassPathXmlApplicationContext@1ee1ce1b]; startup date [Fri Mar 28 13:42:23 EET 2014]; root of context hierarchy
2014-03-28 13:42:23,569 INFO main                BeanDefinitionReader - Loading XML bean definitions from class path resource [beans.xml]
2014-03-28 13:42:23,578 INFO main                mlApplicationContext - Bean factory for application context [org.springframework.context.support.ClassPathXmlApplicationContext@1ee1ce1b]: org.springframework.beans.factory.support.DefaultListableBeanFactory@6b730ffb
2014-03-28 13:42:23,579 INFO main                tListableBeanFactory - Pre-instantiating singletons in org.springframework.beans.factory.support.DefaultListableBeanFactory@6b730ffb: defining beans [oracleGateway,addCountry,modifyCountry,removeCountry,showAllCountry,addRegion,modifyRegion,removeRegion,showAllRegionInCountry,addCity,modifyCity,removeCity,showAllCityInRegion,addUniversity,modifyUniversity,removeUniversity,showOneUniversity,showAllUniversityInCity]; root of factory hierarchy
2014-03-28 13:42:23,580 INFO main                ity.ModifyUniversity - Prepare to modify university
2014-03-28 13:42:23,580 INFO main                ity.ModifyUniversity - Get region id: 10 
2014-03-28 13:42:23,580 INFO main                ity.ModifyUniversity - New university properties: 
2014-03-28 13:42:23,580 INFO main                ity.ModifyUniversity - Name: skeleton 
2014-03-28 13:42:23,580 INFO main                ity.ModifyUniversity - DepartamentsCount: 10 
2014-03-28 13:42:23,580 INFO main                ity.ModifyUniversity - WWW: zzz 
2014-03-28 13:42:23,581 INFO main                ity.ModifyUniversity - ParentID: 1 
2014-03-28 13:42:23,581 INFO main                tion.GatewayResolver - Getting gateway
8
2014-03-28 13:42:23,581 INFO main                ity.ModifyUniversity - University was successfully modified
2014-03-28 13:42:23,581 INFO main                ity.ModifyUniversity - Send redirect to university/showOne page
</system-out>
  </testcase>
</testsuite>