<?xml version="1.0" encoding="UTF-8" ?>
<testsuite failures="1" time="0.166" errors="0" skipped="0" tests="4" name="action.handlers.country.ModifyCountryTest">
  <properties>
[...]
</properties>
  <testcase time="0.038" classname="action.handlers.country.ModifyCountryTest" name="actionExceptionTest"/>
  <testcase time="0.027" classname="action.handlers.country.ModifyCountryTest" name="nullTest"/>
  <testcase time="0.026" classname="action.handlers.country.ModifyCountryTest" name="forwardTest"/>
  <testcase time="0.075" classname="action.handlers.country.ModifyCountryTest" name="logicTest">
    <failure message="expected:&lt;3&gt; but was:&lt;4&gt;" type="java.lang.AssertionError">java.lang.AssertionError: expected:&lt;3&gt; but was:&lt;4&gt;
	at org.junit.Assert.fail(Assert.java:58)
	at org.junit.Assert.failNotEquals(Assert.java:259)
	at org.junit.Assert.assertEquals(Assert.java:80)
	at org.junit.Assert.assertEquals(Assert.java:88)
	at action.handlers.country.ModifyCountryTest.logicTest(ModifyCountryTest.java:77)
	at sun.reflect.NativeMethodAccessorImpl.invoke0(Native Method)
	at sun.reflect.NativeMethodAccessorImpl.invoke(NativeMethodAccessorImpl.java:57)
	at sun.reflect.DelegatingMethodAccessorImpl.invoke(DelegatingMethodAccessorImpl.java:43)
	at java.lang.reflect.Method.invoke(Method.java:606)
	at org.junit.internal.runners.TestMethodRunner.executeMethodBody(TestMethodRunner.java:99)
	at org.junit.internal.runners.TestMethodRunner.runUnprotected(TestMethodRunner.java:81)
	at org.junit.internal.runners.BeforeAndAfterRunner.runProtected(BeforeAndAfterRunner.java:34)
	at org.junit.internal.runners.TestMethodRunner.runMethod(TestMethodRunner.java:75)
	at org.junit.internal.runners.TestMethodRunner.run(TestMethodRunner.java:45)
	at org.junit.internal.runners.TestClassMethodsRunner.invokeTestMethod(TestClassMethodsRunner.java:71)
	at org.junit.internal.runners.TestClassMethodsRunner.run(TestClassMethodsRunner.java:35)
	at org.junit.internal.runners.TestClassRunner$1.runUnprotected(TestClassRunner.java:42)
	at org.junit.internal.runners.BeforeAndAfterRunner.runProtected(BeforeAndAfterRunner.java:34)
	at org.junit.internal.runners.TestClassRunner.run(TestClassRunner.java:52)
	at org.apache.maven.surefire.junit4.JUnit4Provider.execute(JUnit4Provider.java:252)
	at org.apache.maven.surefire.junit4.JUnit4Provider.executeTestSet(JUnit4Provider.java:141)
	at org.apache.maven.surefire.junit4.JUnit4Provider.invoke(JUnit4Provider.java:112)
	at sun.reflect.NativeMethodAccessorImpl.invoke0(Native Method)
	at sun.reflect.NativeMethodAccessorImpl.invoke(NativeMethodAccessorImpl.java:57)
	at sun.reflect.DelegatingMethodAccessorImpl.invoke(DelegatingMethodAccessorImpl.java:43)
	at java.lang.reflect.Method.invoke(Method.java:606)
	at org.apache.maven.surefire.util.ReflectionUtils.invokeMethodWithArray(ReflectionUtils.java:189)
	at org.apache.maven.surefire.booter.ProviderFactory$ProviderProxy.invoke(ProviderFactory.java:165)
	at org.apache.maven.surefire.booter.ProviderFactory.invokeProvider(ProviderFactory.java:85)
	at org.apache.maven.surefire.booter.ForkedBooter.runSuitesInProcess(ForkedBooter.java:115)
	at org.apache.maven.surefire.booter.ForkedBooter.main(ForkedBooter.java:75)
</failure>
    <system-out>2014-03-28 13:42:22,517 INFO main                action.ActionFactory - Getting ActionFactory
2014-03-28 13:42:22,517 INFO main                action.ActionFactory - Building HttpAction
2014-03-28 13:42:22,517 INFO main                mlApplicationContext - Refreshing org.springframework.context.support.ClassPathXmlApplicationContext@434a40bd: display name [org.springframework.context.support.ClassPathXmlApplicationContext@434a40bd]; startup date [Fri Mar 28 13:42:22 EET 2014]; root of context hierarchy
2014-03-28 13:42:22,518 INFO main                BeanDefinitionReader - Loading XML bean definitions from class path resource [beans.xml]
2014-03-28 13:42:22,532 INFO main                mlApplicationContext - Bean factory for application context [org.springframework.context.support.ClassPathXmlApplicationContext@434a40bd]: org.springframework.beans.factory.support.DefaultListableBeanFactory@3bc1cac
2014-03-28 13:42:22,536 INFO main                tListableBeanFactory - Pre-instantiating singletons in org.springframework.beans.factory.support.DefaultListableBeanFactory@3bc1cac: defining beans [oracleGateway,addCountry,modifyCountry,removeCountry,showAllCountry,addRegion,modifyRegion,removeRegion,showAllRegionInCountry,addCity,modifyCity,removeCity,showAllCityInRegion,addUniversity,modifyUniversity,removeUniversity,showOneUniversity,showAllUniversityInCity]; root of factory hierarchy
2014-03-28 13:42:22,538 INFO main                s.country.AddCountry - Prepare to add country
2014-03-28 13:42:22,538 INFO main                s.country.AddCountry - Country properties: 
2014-03-28 13:42:22,538 INFO main                s.country.AddCountry - Name: skeleton 
2014-03-28 13:42:22,538 INFO main                s.country.AddCountry - Language: zzz 
2014-03-28 13:42:22,538 INFO main                s.country.AddCountry - Capital: ZZZ 
2014-03-28 13:42:22,538 INFO main                s.country.AddCountry - Population: 100 
2014-03-28 13:42:22,538 INFO main                s.country.AddCountry - Timezone: 1 
2014-03-28 13:42:22,539 INFO main                tion.GatewayResolver - Getting gateway
5
2014-03-28 13:42:22,539 INFO main                s.country.AddCountry - Country was successfully added
2014-03-28 13:42:22,539 INFO main                s.country.AddCountry - Send forward to showAllCountry page
2014-03-28 13:42:22,539 INFO main                action.ActionFactory - Getting ActionFactory
2014-03-28 13:42:22,539 INFO main                action.ActionFactory - Building HttpAction
2014-03-28 13:42:22,539 INFO main                mlApplicationContext - Refreshing org.springframework.context.support.ClassPathXmlApplicationContext@5adbb9b9: display name [org.springframework.context.support.ClassPathXmlApplicationContext@5adbb9b9]; startup date [Fri Mar 28 13:42:22 EET 2014]; root of context hierarchy
2014-03-28 13:42:22,539 INFO main                BeanDefinitionReader - Loading XML bean definitions from class path resource [beans.xml]
2014-03-28 13:42:22,553 INFO main                mlApplicationContext - Bean factory for application context [org.springframework.context.support.ClassPathXmlApplicationContext@5adbb9b9]: org.springframework.beans.factory.support.DefaultListableBeanFactory@ed99c9
2014-03-28 13:42:22,555 INFO main                tListableBeanFactory - Pre-instantiating singletons in org.springframework.beans.factory.support.DefaultListableBeanFactory@ed99c9: defining beans [oracleGateway,addCountry,modifyCountry,removeCountry,showAllCountry,addRegion,modifyRegion,removeRegion,showAllRegionInCountry,addCity,modifyCity,removeCity,showAllCityInRegion,addUniversity,modifyUniversity,removeUniversity,showOneUniversity,showAllUniversityInCity]; root of factory hierarchy
2014-03-28 13:42:22,557 INFO main                s.country.AddCountry - Prepare to add country
2014-03-28 13:42:22,557 INFO main                s.country.AddCountry - Country properties: 
2014-03-28 13:42:22,557 INFO main                s.country.AddCountry - Name: skeleton 
2014-03-28 13:42:22,557 INFO main                s.country.AddCountry - Language: zzz 
2014-03-28 13:42:22,557 INFO main                s.country.AddCountry - Capital: ZZZ 
2014-03-28 13:42:22,557 INFO main                s.country.AddCountry - Population: 100 
2014-03-28 13:42:22,557 INFO main                s.country.AddCountry - Timezone: 1 
2014-03-28 13:42:22,557 INFO main                tion.GatewayResolver - Getting gateway
6
2014-03-28 13:42:22,557 INFO main                s.country.AddCountry - Country was successfully added
2014-03-28 13:42:22,557 INFO main                s.country.AddCountry - Send forward to showAllCountry page
2014-03-28 13:42:22,557 INFO main                action.ActionFactory - Getting ActionFactory
2014-03-28 13:42:22,557 INFO main                action.ActionFactory - Building HttpAction
2014-03-28 13:42:22,557 INFO main                mlApplicationContext - Refreshing org.springframework.context.support.ClassPathXmlApplicationContext@52aa911c: display name [org.springframework.context.support.ClassPathXmlApplicationContext@52aa911c]; startup date [Fri Mar 28 13:42:22 EET 2014]; root of context hierarchy
2014-03-28 13:42:22,558 INFO main                BeanDefinitionReader - Loading XML bean definitions from class path resource [beans.xml]
2014-03-28 13:42:22,572 INFO main                mlApplicationContext - Bean factory for application context [org.springframework.context.support.ClassPathXmlApplicationContext@52aa911c]: org.springframework.beans.factory.support.DefaultListableBeanFactory@4758af63
2014-03-28 13:42:22,574 INFO main                tListableBeanFactory - Pre-instantiating singletons in org.springframework.beans.factory.support.DefaultListableBeanFactory@4758af63: defining beans [oracleGateway,addCountry,modifyCountry,removeCountry,showAllCountry,addRegion,modifyRegion,removeRegion,showAllRegionInCountry,addCity,modifyCity,removeCity,showAllCityInRegion,addUniversity,modifyUniversity,removeUniversity,showOneUniversity,showAllUniversityInCity]; root of factory hierarchy
2014-03-28 13:42:22,575 INFO main                s.country.AddCountry - Prepare to add country
2014-03-28 13:42:22,575 INFO main                s.country.AddCountry - Country properties: 
2014-03-28 13:42:22,575 INFO main                s.country.AddCountry - Name: skeleton 
2014-03-28 13:42:22,575 INFO main                s.country.AddCountry - Language: zzz 
2014-03-28 13:42:22,576 INFO main                s.country.AddCountry - Capital: ZZZ 
2014-03-28 13:42:22,576 INFO main                s.country.AddCountry - Population: 100 
2014-03-28 13:42:22,576 INFO main                s.country.AddCountry - Timezone: 1 
2014-03-28 13:42:22,576 INFO main                tion.GatewayResolver - Getting gateway
7
2014-03-28 13:42:22,576 INFO main                s.country.AddCountry - Country was successfully added
2014-03-28 13:42:22,576 INFO main                s.country.AddCountry - Send forward to showAllCountry page
2014-03-28 13:42:22,576 INFO main                action.ActionFactory - Getting ActionFactory
2014-03-28 13:42:22,576 INFO main                action.ActionFactory - Building HttpAction
2014-03-28 13:42:22,576 INFO main                mlApplicationContext - Refreshing org.springframework.context.support.ClassPathXmlApplicationContext@185e093f: display name [org.springframework.context.support.ClassPathXmlApplicationContext@185e093f]; startup date [Fri Mar 28 13:42:22 EET 2014]; root of context hierarchy
2014-03-28 13:42:22,577 INFO main                BeanDefinitionReader - Loading XML bean definitions from class path resource [beans.xml]
2014-03-28 13:42:22,587 INFO main                mlApplicationContext - Bean factory for application context [org.springframework.context.support.ClassPathXmlApplicationContext@185e093f]: org.springframework.beans.factory.support.DefaultListableBeanFactory@763613f6
2014-03-28 13:42:22,590 INFO main                tListableBeanFactory - Pre-instantiating singletons in org.springframework.beans.factory.support.DefaultListableBeanFactory@763613f6: defining beans [oracleGateway,addCountry,modifyCountry,removeCountry,showAllCountry,addRegion,modifyRegion,removeRegion,showAllRegionInCountry,addCity,modifyCity,removeCity,showAllCityInRegion,addUniversity,modifyUniversity,removeUniversity,showOneUniversity,showAllUniversityInCity]; root of factory hierarchy
2014-03-28 13:42:22,592 INFO main                ountry.ModifyCountry - Prepare to modify country
2014-03-28 13:42:22,592 INFO main                ountry.ModifyCountry - Get country id: 10 
2014-03-28 13:42:22,592 INFO main                ountry.ModifyCountry - New country properties: 
2014-03-28 13:42:22,592 INFO main                ountry.ModifyCountry - Name: skeleton 
2014-03-28 13:42:22,592 INFO main                ountry.ModifyCountry - Language: zzz 
2014-03-28 13:42:22,592 INFO main                ountry.ModifyCountry - Capital: ZZZ 
2014-03-28 13:42:22,592 INFO main                ountry.ModifyCountry - Population: 100 
2014-03-28 13:42:22,592 INFO main                ountry.ModifyCountry - Timezone: 1 
2014-03-28 13:42:22,592 INFO main                tion.GatewayResolver - Getting gateway
8
2014-03-28 13:42:22,592 INFO main                ountry.ModifyCountry - Country was successfully modified
2014-03-28 13:42:22,592 INFO main                ountry.ModifyCountry - Send redirect to region/showAllInCountry page
</system-out>
  </testcase>
</testsuite>