<?xml version="1.0" encoding="UTF-8" ?>
<testsuite failures="1" time="0.147" errors="0" skipped="0" tests="4" name="action.handlers.region.RemoveRegionTest">
  <properties>
[...]
</properties>
  <testcase time="0.004" classname="action.handlers.region.RemoveRegionTest" name="nullTest"/>
  <testcase time="0.028" classname="action.handlers.region.RemoveRegionTest" name="forwardTest"/>
  <testcase time="0.09" classname="action.handlers.region.RemoveRegionTest" name="logicTest">
    <failure message="expected:&lt;2&gt; but was:&lt;3&gt;" type="java.lang.AssertionError">java.lang.AssertionError: expected:&lt;2&gt; but was:&lt;3&gt;
	at org.junit.Assert.fail(Assert.java:58)
	at org.junit.Assert.failNotEquals(Assert.java:259)
	at org.junit.Assert.assertEquals(Assert.java:80)
	at org.junit.Assert.assertEquals(Assert.java:88)
	at action.handlers.region.RemoveRegionTest.logicTest(RemoveRegionTest.java:70)
	at sun.reflect.NativeMethodAccessorImpl.invoke0(Native Method)
	at sun.reflect.NativeMethodAccessorImpl.invoke(NativeMethodAccessorImpl.java:57)
	at sun.reflect.DelegatingMethodAccessorImpl.invoke(DelegatingMethodAccessorImpl.java:43)
	at java.lang.reflect.Method.invoke(Method.java:606)
	at org.junit.internal.runners.TestMethodRunner.executeMethodBody(TestMethodRunner.java:99)
	at org.junit.internal.runners.TestMethodRunner.runUnprotected(TestMethodRunner.java:81)
	at org.junit.internal.runners.BeforeAndAfterRunner.runProtected(BeforeAndAfterRunner.java:34)
	at org.junit.internal.runners.TestMethodRunner.runMethod(TestMethodRunner.java:75)
	at org.junit.internal.runners.TestMethodRunner.run(TestMethodRunner.java:45)
	at org.junit.internal.runners.TestClassMethodsRunner.invokeTestMethod(TestClassMethodsRunner.java:71)
	at org.junit.internal.runners.TestClassMethodsRunner.run(TestClassMethodsRunner.java:35)
	at org.junit.internal.runners.TestClassRunner$1.runUnprotected(TestClassRunner.java:42)
	at org.junit.internal.runners.BeforeAndAfterRunner.runProtected(BeforeAndAfterRunner.java:34)
	at org.junit.internal.runners.TestClassRunner.run(TestClassRunner.java:52)
	at org.apache.maven.surefire.junit4.JUnit4Provider.execute(JUnit4Provider.java:252)
	at org.apache.maven.surefire.junit4.JUnit4Provider.executeTestSet(JUnit4Provider.java:141)
	at org.apache.maven.surefire.junit4.JUnit4Provider.invoke(JUnit4Provider.java:112)
	at sun.reflect.NativeMethodAccessorImpl.invoke0(Native Method)
	at sun.reflect.NativeMethodAccessorImpl.invoke(NativeMethodAccessorImpl.java:57)
	at sun.reflect.DelegatingMethodAccessorImpl.invoke(DelegatingMethodAccessorImpl.java:43)
	at java.lang.reflect.Method.invoke(Method.java:606)
	at org.apache.maven.surefire.util.ReflectionUtils.invokeMethodWithArray(ReflectionUtils.java:189)
	at org.apache.maven.surefire.booter.ProviderFactory$ProviderProxy.invoke(ProviderFactory.java:165)
	at org.apache.maven.surefire.booter.ProviderFactory.invokeProvider(ProviderFactory.java:85)
	at org.apache.maven.surefire.booter.ForkedBooter.runSuitesInProcess(ForkedBooter.java:115)
	at org.apache.maven.surefire.booter.ForkedBooter.main(ForkedBooter.java:75)
</failure>
    <system-out>2014-03-28 14:27:24,567 INFO main                action.ActionFactory - Getting ActionFactory
2014-03-28 14:27:24,573 INFO main                action.ActionFactory - Building HttpAction
2014-03-28 14:27:24,573 INFO main                mlApplicationContext - Refreshing org.springframework.context.support.ClassPathXmlApplicationContext@563c347a: display name [org.springframework.context.support.ClassPathXmlApplicationContext@563c347a]; startup date [Fri Mar 28 14:27:24 EET 2014]; root of context hierarchy
2014-03-28 14:27:24,573 INFO main                BeanDefinitionReader - Loading XML bean definitions from class path resource [beans.xml]
2014-03-28 14:27:24,588 INFO main                mlApplicationContext - Bean factory for application context [org.springframework.context.support.ClassPathXmlApplicationContext@563c347a]: org.springframework.beans.factory.support.DefaultListableBeanFactory@4097d66a
2014-03-28 14:27:24,590 INFO main                tListableBeanFactory - Pre-instantiating singletons in org.springframework.beans.factory.support.DefaultListableBeanFactory@4097d66a: defining beans [oracleGateway,addCountry,modifyCountry,removeCountry,showAllCountry,addRegion,modifyRegion,removeRegion,showAllRegionInCountry,addCity,modifyCity,removeCity,showAllCityInRegion,addUniversity,modifyUniversity,removeUniversity,showOneUniversity,showAllUniversityInCity]; root of factory hierarchy
2014-03-28 14:27:24,592 INFO main                ers.region.AddRegion - Prepare to add region
2014-03-28 14:27:24,592 INFO main                ers.region.AddRegion - Region properties: 
2014-03-28 14:27:24,592 INFO main                ers.region.AddRegion - Name: skeleton 
2014-03-28 14:27:24,592 INFO main                ers.region.AddRegion - Population: 1000 
2014-03-28 14:27:24,592 INFO main                ers.region.AddRegion - Square: 0 
2014-03-28 14:27:24,592 INFO main                ers.region.AddRegion - ParentID: 3 
2014-03-28 14:27:24,592 INFO main                tion.GatewayResolver - Getting gateway
2014-03-28 14:27:24,592 INFO main                ers.region.AddRegion - Region was successfully added
2014-03-28 14:27:24,592 INFO main                ers.region.AddRegion - Send redirect to showAllRegion page
2014-03-28 14:27:24,592 INFO main                action.ActionFactory - Getting ActionFactory
2014-03-28 14:27:24,592 INFO main                action.ActionFactory - Building HttpAction
2014-03-28 14:27:24,593 INFO main                mlApplicationContext - Refreshing org.springframework.context.support.ClassPathXmlApplicationContext@1a9ff430: display name [org.springframework.context.support.ClassPathXmlApplicationContext@1a9ff430]; startup date [Fri Mar 28 14:27:24 EET 2014]; root of context hierarchy
2014-03-28 14:27:24,593 INFO main                BeanDefinitionReader - Loading XML bean definitions from class path resource [beans.xml]
2014-03-28 14:27:24,608 INFO main                mlApplicationContext - Bean factory for application context [org.springframework.context.support.ClassPathXmlApplicationContext@1a9ff430]: org.springframework.beans.factory.support.DefaultListableBeanFactory@7a34bc8a
2014-03-28 14:27:24,610 INFO main                tListableBeanFactory - Pre-instantiating singletons in org.springframework.beans.factory.support.DefaultListableBeanFactory@7a34bc8a: defining beans [oracleGateway,addCountry,modifyCountry,removeCountry,showAllCountry,addRegion,modifyRegion,removeRegion,showAllRegionInCountry,addCity,modifyCity,removeCity,showAllCityInRegion,addUniversity,modifyUniversity,removeUniversity,showOneUniversity,showAllUniversityInCity]; root of factory hierarchy
2014-03-28 14:27:24,613 INFO main                ers.region.AddRegion - Prepare to add region
2014-03-28 14:27:24,613 INFO main                ers.region.AddRegion - Region properties: 
2014-03-28 14:27:24,613 INFO main                ers.region.AddRegion - Name: skeleton 
2014-03-28 14:27:24,613 INFO main                ers.region.AddRegion - Population: 1000 
2014-03-28 14:27:24,613 INFO main                ers.region.AddRegion - Square: 0 
2014-03-28 14:27:24,613 INFO main                ers.region.AddRegion - ParentID: 3 
2014-03-28 14:27:24,613 INFO main                tion.GatewayResolver - Getting gateway
2014-03-28 14:27:24,613 INFO main                ers.region.AddRegion - Region was successfully added
2014-03-28 14:27:24,613 INFO main                ers.region.AddRegion - Send redirect to showAllRegion page
2014-03-28 14:27:24,613 INFO main                action.ActionFactory - Getting ActionFactory
2014-03-28 14:27:24,613 INFO main                action.ActionFactory - Building HttpAction
2014-03-28 14:27:24,613 INFO main                mlApplicationContext - Refreshing org.springframework.context.support.ClassPathXmlApplicationContext@49cbe1ec: display name [org.springframework.context.support.ClassPathXmlApplicationContext@49cbe1ec]; startup date [Fri Mar 28 14:27:24 EET 2014]; root of context hierarchy
2014-03-28 14:27:24,614 INFO main                BeanDefinitionReader - Loading XML bean definitions from class path resource [beans.xml]
2014-03-28 14:27:24,628 INFO main                mlApplicationContext - Bean factory for application context [org.springframework.context.support.ClassPathXmlApplicationContext@49cbe1ec]: org.springframework.beans.factory.support.DefaultListableBeanFactory@3970a4fb
2014-03-28 14:27:24,630 INFO main                tListableBeanFactory - Pre-instantiating singletons in org.springframework.beans.factory.support.DefaultListableBeanFactory@3970a4fb: defining beans [oracleGateway,addCountry,modifyCountry,removeCountry,showAllCountry,addRegion,modifyRegion,removeRegion,showAllRegionInCountry,addCity,modifyCity,removeCity,showAllCityInRegion,addUniversity,modifyUniversity,removeUniversity,showOneUniversity,showAllUniversityInCity]; root of factory hierarchy
2014-03-28 14:27:24,631 INFO main                ers.region.AddRegion - Prepare to add region
2014-03-28 14:27:24,632 INFO main                ers.region.AddRegion - Region properties: 
2014-03-28 14:27:24,632 INFO main                ers.region.AddRegion - Name: skeleton 
2014-03-28 14:27:24,632 INFO main                ers.region.AddRegion - Population: 1000 
2014-03-28 14:27:24,632 INFO main                ers.region.AddRegion - Square: 0 
2014-03-28 14:27:24,632 INFO main                ers.region.AddRegion - ParentID: 3 
2014-03-28 14:27:24,632 INFO main                tion.GatewayResolver - Getting gateway
2014-03-28 14:27:24,633 INFO main                ers.region.AddRegion - Region was successfully added
2014-03-28 14:27:24,633 INFO main                ers.region.AddRegion - Send redirect to showAllRegion page
2014-03-28 14:27:24,633 INFO main                action.ActionFactory - Getting ActionFactory
2014-03-28 14:27:24,633 INFO main                action.ActionFactory - Building HttpAction
2014-03-28 14:27:24,633 INFO main                mlApplicationContext - Refreshing org.springframework.context.support.ClassPathXmlApplicationContext@39cc65b1: display name [org.springframework.context.support.ClassPathXmlApplicationContext@39cc65b1]; startup date [Fri Mar 28 14:27:24 EET 2014]; root of context hierarchy
2014-03-28 14:27:24,633 INFO main                BeanDefinitionReader - Loading XML bean definitions from class path resource [beans.xml]
2014-03-28 14:27:24,646 INFO main                mlApplicationContext - Bean factory for application context [org.springframework.context.support.ClassPathXmlApplicationContext@39cc65b1]: org.springframework.beans.factory.support.DefaultListableBeanFactory@664259e4
2014-03-28 14:27:24,648 INFO main                tListableBeanFactory - Pre-instantiating singletons in org.springframework.beans.factory.support.DefaultListableBeanFactory@664259e4: defining beans [oracleGateway,addCountry,modifyCountry,removeCountry,showAllCountry,addRegion,modifyRegion,removeRegion,showAllRegionInCountry,addCity,modifyCity,removeCity,showAllCityInRegion,addUniversity,modifyUniversity,removeUniversity,showOneUniversity,showAllUniversityInCity]; root of factory hierarchy
2014-03-28 14:27:24,650 INFO main                .region.RemoveRegion - Prepare to remove region
2014-03-28 14:27:24,650 INFO main                .region.RemoveRegion - Removing region id: 6 
2014-03-28 14:27:24,651 INFO main                .region.RemoveRegion - Get parent id: 3 
2014-03-28 14:27:24,651 INFO main                tion.GatewayResolver - Getting gateway
2014-03-28 14:27:24,651 INFO main                .region.RemoveRegion - Region was successfully removed
2014-03-28 14:27:24,651 INFO main                .region.RemoveRegion - Send redirect to showAllRegion page
</system-out>
  </testcase>
  <testcase time="0.025" classname="action.handlers.region.RemoveRegionTest" name="actionExceptionTest"/>
</testsuite>